{"C:\\Users\\bbs8\\Desktop\\testReactNative\\test-agora\\App.js": {"path":"C:\\Users\\bbs8\\Desktop\\testReactNative\\test-agora\\App.js","statementMap":{"0":{"start":{"line":29,"column":14},"end":{"line":29,"column":42}},"1":{"start":{"line":31,"column":2},"end":{"line":115,"column":4}},"2":{"start":{"line":56,"column":35},"end":{"line":76,"column":11}},"3":{"start":{"line":59,"column":14},"end":{"line":72,"column":21}},"4":{"start":{"line":81,"column":35},"end":{"line":101,"column":11}},"5":{"start":{"line":84,"column":14},"end":{"line":97,"column":21}},"6":{"start":{"line":118,"column":15},"end":{"line":128,"column":2}}},"fnMap":{"0":{"name":"App","decl":{"start":{"line":30,"column":24},"end":{"line":30,"column":27}},"loc":{"start":{"line":30,"column":30},"end":{"line":116,"column":1}},"line":30},"1":{"name":"(anonymous_1)","decl":{"start":{"line":56,"column":19},"end":{"line":56,"column":20}},"loc":{"start":{"line":56,"column":35},"end":{"line":76,"column":11}},"line":56},"2":{"name":"(anonymous_2)","decl":{"start":{"line":58,"column":25},"end":{"line":58,"column":26}},"loc":{"start":{"line":59,"column":14},"end":{"line":72,"column":21}},"line":59},"3":{"name":"(anonymous_3)","decl":{"start":{"line":81,"column":19},"end":{"line":81,"column":20}},"loc":{"start":{"line":81,"column":35},"end":{"line":101,"column":11}},"line":81},"4":{"name":"(anonymous_4)","decl":{"start":{"line":83,"column":25},"end":{"line":83,"column":26}},"loc":{"start":{"line":84,"column":14},"end":{"line":97,"column":21}},"line":84}},"branchMap":{},"s":{"0":0,"1":0,"2":0,"3":0,"4":0,"5":0,"6":0},"f":{"0":0,"1":0,"2":0,"3":0,"4":0},"b":{}}
,"C:\\Users\\bbs8\\Desktop\\testReactNative\\test-agora\\index.js": {"path":"C:\\Users\\bbs8\\Desktop\\testReactNative\\test-agora\\index.js","statementMap":{"0":{"start":{"line":8,"column":0},"end":{"line":8,"column":27}}},"fnMap":{},"branchMap":{},"s":{"0":0},"f":{},"b":{}}
,"C:\\Users\\bbs8\\Desktop\\testReactNative\\test-agora\\metro.config.js": {"path":"C:\\Users\\bbs8\\Desktop\\testReactNative\\test-agora\\metro.config.js","statementMap":{"0":{"start":{"line":2,"column":29},"end":{"line":2,"column":57}},"1":{"start":{"line":5,"column":15},"end":{"line":5,"column":42}},"2":{"start":{"line":7,"column":0},"end":{"line":7,"column":24}}},"fnMap":{},"branchMap":{},"s":{"0":0,"1":0,"2":0},"f":{},"b":{}}
,"C:\\Users\\bbs8\\Desktop\\testReactNative\\test-agora\\.expo\\metro\\polyfill.js": {"path":"C:\\Users\\bbs8\\Desktop\\testReactNative\\test-agora\\.expo\\metro\\polyfill.js","statementMap":{"0":{"start":{"line":1,"column":0},"end":{"line":1,"column":81}},"1":{"start":{"line":1,"column":76},"end":{"line":1,"column":80}}},"fnMap":{"0":{"name":"(anonymous_0)","decl":{"start":{"line":1,"column":70},"end":{"line":1,"column":71}},"loc":{"start":{"line":1,"column":76},"end":{"line":1,"column":80}},"line":1}},"branchMap":{"0":{"loc":{"start":{"line":1,"column":28},"end":{"line":1,"column":80}},"type":"cond-expr","locations":[{"start":{"line":1,"column":60},"end":{"line":1,"column":67}},{"start":{"line":1,"column":70},"end":{"line":1,"column":80}}],"line":1}},"s":{"0":0,"1":0},"f":{"0":0},"b":{"0":[0,0]}}
,"C:\\Users\\bbs8\\Desktop\\testReactNative\\test-agora\\.expo\\metro\\polyfill.native.js": {"path":"C:\\Users\\bbs8\\Desktop\\testReactNative\\test-agora\\.expo\\metro\\polyfill.native.js","statementMap":{"0":{"start":{"line":1,"column":0},"end":{"line":1,"column":155}},"1":{"start":{"line":1,"column":43},"end":{"line":1,"column":154}}},"fnMap":{"0":{"name":"(anonymous_0)","decl":{"start":{"line":1,"column":28},"end":{"line":1,"column":29}},"loc":{"start":{"line":1,"column":42},"end":{"line":1,"column":155}},"line":1}},"branchMap":{},"s":{"0":0,"1":0},"f":{"0":0},"b":{}}
,"C:\\Users\\bbs8\\Desktop\\testReactNative\\test-agora\\.expo\\metro\\externals\\assert\\index.js": {"path":"C:\\Users\\bbs8\\Desktop\\testReactNative\\test-agora\\.expo\\metro\\externals\\assert\\index.js","statementMap":{"0":{"start":{"line":1,"column":0},"end":{"line":1,"column":51}}},"fnMap":{},"branchMap":{},"s":{"0":0},"f":{},"b":{}}
,"C:\\Users\\bbs8\\Desktop\\testReactNative\\test-agora\\.expo\\metro\\externals\\async_hooks\\index.js": {"path":"C:\\Users\\bbs8\\Desktop\\testReactNative\\test-agora\\.expo\\metro\\externals\\async_hooks\\index.js","statementMap":{"0":{"start":{"line":1,"column":0},"end":{"line":1,"column":56}}},"fnMap":{},"branchMap":{},"s":{"0":0},"f":{},"b":{}}
,"C:\\Users\\bbs8\\Desktop\\testReactNative\\test-agora\\.expo\\metro\\externals\\buffer\\index.js": {"path":"C:\\Users\\bbs8\\Desktop\\testReactNative\\test-agora\\.expo\\metro\\externals\\buffer\\index.js","statementMap":{"0":{"start":{"line":1,"column":0},"end":{"line":1,"column":51}}},"fnMap":{},"branchMap":{},"s":{"0":0},"f":{},"b":{}}
,"C:\\Users\\bbs8\\Desktop\\testReactNative\\test-agora\\.expo\\metro\\externals\\child_process\\index.js": {"path":"C:\\Users\\bbs8\\Desktop\\testReactNative\\test-agora\\.expo\\metro\\externals\\child_process\\index.js","statementMap":{"0":{"start":{"line":1,"column":0},"end":{"line":1,"column":58}}},"fnMap":{},"branchMap":{},"s":{"0":0},"f":{},"b":{}}
,"C:\\Users\\bbs8\\Desktop\\testReactNative\\test-agora\\.expo\\metro\\externals\\cluster\\index.js": {"path":"C:\\Users\\bbs8\\Desktop\\testReactNative\\test-agora\\.expo\\metro\\externals\\cluster\\index.js","statementMap":{"0":{"start":{"line":1,"column":0},"end":{"line":1,"column":52}}},"fnMap":{},"branchMap":{},"s":{"0":0},"f":{},"b":{}}
,"C:\\Users\\bbs8\\Desktop\\testReactNative\\test-agora\\.expo\\metro\\externals\\console\\index.js": {"path":"C:\\Users\\bbs8\\Desktop\\testReactNative\\test-agora\\.expo\\metro\\externals\\console\\index.js","statementMap":{"0":{"start":{"line":1,"column":0},"end":{"line":1,"column":52}}},"fnMap":{},"branchMap":{},"s":{"0":0},"f":{},"b":{}}
,"C:\\Users\\bbs8\\Desktop\\testReactNative\\test-agora\\.expo\\metro\\externals\\constants\\index.js": {"path":"C:\\Users\\bbs8\\Desktop\\testReactNative\\test-agora\\.expo\\metro\\externals\\constants\\index.js","statementMap":{"0":{"start":{"line":1,"column":0},"end":{"line":1,"column":54}}},"fnMap":{},"branchMap":{},"s":{"0":0},"f":{},"b":{}}
,"C:\\Users\\bbs8\\Desktop\\testReactNative\\test-agora\\.expo\\metro\\externals\\crypto\\index.js": {"path":"C:\\Users\\bbs8\\Desktop\\testReactNative\\test-agora\\.expo\\metro\\externals\\crypto\\index.js","statementMap":{"0":{"start":{"line":1,"column":0},"end":{"line":1,"column":51}}},"fnMap":{},"branchMap":{},"s":{"0":0},"f":{},"b":{}}
,"C:\\Users\\bbs8\\Desktop\\testReactNative\\test-agora\\.expo\\metro\\externals\\dgram\\index.js": {"path":"C:\\Users\\bbs8\\Desktop\\testReactNative\\test-agora\\.expo\\metro\\externals\\dgram\\index.js","statementMap":{"0":{"start":{"line":1,"column":0},"end":{"line":1,"column":50}}},"fnMap":{},"branchMap":{},"s":{"0":0},"f":{},"b":{}}
,"C:\\Users\\bbs8\\Desktop\\testReactNative\\test-agora\\.expo\\metro\\externals\\diagnostics_channel\\index.js": {"path":"C:\\Users\\bbs8\\Desktop\\testReactNative\\test-agora\\.expo\\metro\\externals\\diagnostics_channel\\index.js","statementMap":{"0":{"start":{"line":1,"column":0},"end":{"line":1,"column":64}}},"fnMap":{},"branchMap":{},"s":{"0":0},"f":{},"b":{}}
,"C:\\Users\\bbs8\\Desktop\\testReactNative\\test-agora\\.expo\\metro\\externals\\dns\\index.js": {"path":"C:\\Users\\bbs8\\Desktop\\testReactNative\\test-agora\\.expo\\metro\\externals\\dns\\index.js","statementMap":{"0":{"start":{"line":1,"column":0},"end":{"line":1,"column":48}}},"fnMap":{},"branchMap":{},"s":{"0":0},"f":{},"b":{}}
,"C:\\Users\\bbs8\\Desktop\\testReactNative\\test-agora\\.expo\\metro\\externals\\domain\\index.js": {"path":"C:\\Users\\bbs8\\Desktop\\testReactNative\\test-agora\\.expo\\metro\\externals\\domain\\index.js","statementMap":{"0":{"start":{"line":1,"column":0},"end":{"line":1,"column":51}}},"fnMap":{},"branchMap":{},"s":{"0":0},"f":{},"b":{}}
,"C:\\Users\\bbs8\\Desktop\\testReactNative\\test-agora\\.expo\\metro\\externals\\events\\index.js": {"path":"C:\\Users\\bbs8\\Desktop\\testReactNative\\test-agora\\.expo\\metro\\externals\\events\\index.js","statementMap":{"0":{"start":{"line":1,"column":0},"end":{"line":1,"column":51}}},"fnMap":{},"branchMap":{},"s":{"0":0},"f":{},"b":{}}
,"C:\\Users\\bbs8\\Desktop\\testReactNative\\test-agora\\.expo\\metro\\externals\\fs\\index.js": {"path":"C:\\Users\\bbs8\\Desktop\\testReactNative\\test-agora\\.expo\\metro\\externals\\fs\\index.js","statementMap":{"0":{"start":{"line":1,"column":0},"end":{"line":1,"column":47}}},"fnMap":{},"branchMap":{},"s":{"0":0},"f":{},"b":{}}
,"C:\\Users\\bbs8\\Desktop\\testReactNative\\test-agora\\.expo\\metro\\externals\\fs\\promises\\index.js": {"path":"C:\\Users\\bbs8\\Desktop\\testReactNative\\test-agora\\.expo\\metro\\externals\\fs\\promises\\index.js","statementMap":{"0":{"start":{"line":1,"column":0},"end":{"line":1,"column":56}}},"fnMap":{},"branchMap":{},"s":{"0":0},"f":{},"b":{}}
,"C:\\Users\\bbs8\\Desktop\\testReactNative\\test-agora\\.expo\\metro\\externals\\http\\index.js": {"path":"C:\\Users\\bbs8\\Desktop\\testReactNative\\test-agora\\.expo\\metro\\externals\\http\\index.js","statementMap":{"0":{"start":{"line":1,"column":0},"end":{"line":1,"column":49}}},"fnMap":{},"branchMap":{},"s":{"0":0},"f":{},"b":{}}
,"C:\\Users\\bbs8\\Desktop\\testReactNative\\test-agora\\.expo\\metro\\externals\\http2\\index.js": {"path":"C:\\Users\\bbs8\\Desktop\\testReactNative\\test-agora\\.expo\\metro\\externals\\http2\\index.js","statementMap":{"0":{"start":{"line":1,"column":0},"end":{"line":1,"column":50}}},"fnMap":{},"branchMap":{},"s":{"0":0},"f":{},"b":{}}
,"C:\\Users\\bbs8\\Desktop\\testReactNative\\test-agora\\.expo\\metro\\externals\\https\\index.js": {"path":"C:\\Users\\bbs8\\Desktop\\testReactNative\\test-agora\\.expo\\metro\\externals\\https\\index.js","statementMap":{"0":{"start":{"line":1,"column":0},"end":{"line":1,"column":50}}},"fnMap":{},"branchMap":{},"s":{"0":0},"f":{},"b":{}}
,"C:\\Users\\bbs8\\Desktop\\testReactNative\\test-agora\\.expo\\metro\\externals\\inspector\\index.js": {"path":"C:\\Users\\bbs8\\Desktop\\testReactNative\\test-agora\\.expo\\metro\\externals\\inspector\\index.js","statementMap":{"0":{"start":{"line":1,"column":0},"end":{"line":1,"column":54}}},"fnMap":{},"branchMap":{},"s":{"0":0},"f":{},"b":{}}
,"C:\\Users\\bbs8\\Desktop\\testReactNative\\test-agora\\.expo\\metro\\externals\\module\\index.js": {"path":"C:\\Users\\bbs8\\Desktop\\testReactNative\\test-agora\\.expo\\metro\\externals\\module\\index.js","statementMap":{"0":{"start":{"line":1,"column":0},"end":{"line":1,"column":51}}},"fnMap":{},"branchMap":{},"s":{"0":0},"f":{},"b":{}}
,"C:\\Users\\bbs8\\Desktop\\testReactNative\\test-agora\\.expo\\metro\\externals\\net\\index.js": {"path":"C:\\Users\\bbs8\\Desktop\\testReactNative\\test-agora\\.expo\\metro\\externals\\net\\index.js","statementMap":{"0":{"start":{"line":1,"column":0},"end":{"line":1,"column":48}}},"fnMap":{},"branchMap":{},"s":{"0":0},"f":{},"b":{}}
,"C:\\Users\\bbs8\\Desktop\\testReactNative\\test-agora\\.expo\\metro\\externals\\os\\index.js": {"path":"C:\\Users\\bbs8\\Desktop\\testReactNative\\test-agora\\.expo\\metro\\externals\\os\\index.js","statementMap":{"0":{"start":{"line":1,"column":0},"end":{"line":1,"column":47}}},"fnMap":{},"branchMap":{},"s":{"0":0},"f":{},"b":{}}
,"C:\\Users\\bbs8\\Desktop\\testReactNative\\test-agora\\.expo\\metro\\externals\\path\\index.js": {"path":"C:\\Users\\bbs8\\Desktop\\testReactNative\\test-agora\\.expo\\metro\\externals\\path\\index.js","statementMap":{"0":{"start":{"line":1,"column":0},"end":{"line":1,"column":49}}},"fnMap":{},"branchMap":{},"s":{"0":0},"f":{},"b":{}}
,"C:\\Users\\bbs8\\Desktop\\testReactNative\\test-agora\\.expo\\metro\\externals\\perf_hooks\\index.js": {"path":"C:\\Users\\bbs8\\Desktop\\testReactNative\\test-agora\\.expo\\metro\\externals\\perf_hooks\\index.js","statementMap":{"0":{"start":{"line":1,"column":0},"end":{"line":1,"column":55}}},"fnMap":{},"branchMap":{},"s":{"0":0},"f":{},"b":{}}
,"C:\\Users\\bbs8\\Desktop\\testReactNative\\test-agora\\.expo\\metro\\externals\\process\\index.js": {"path":"C:\\Users\\bbs8\\Desktop\\testReactNative\\test-agora\\.expo\\metro\\externals\\process\\index.js","statementMap":{"0":{"start":{"line":1,"column":0},"end":{"line":1,"column":52}}},"fnMap":{},"branchMap":{},"s":{"0":0},"f":{},"b":{}}
,"C:\\Users\\bbs8\\Desktop\\testReactNative\\test-agora\\.expo\\metro\\externals\\punycode\\index.js": {"path":"C:\\Users\\bbs8\\Desktop\\testReactNative\\test-agora\\.expo\\metro\\externals\\punycode\\index.js","statementMap":{"0":{"start":{"line":1,"column":0},"end":{"line":1,"column":53}}},"fnMap":{},"branchMap":{},"s":{"0":0},"f":{},"b":{}}
,"C:\\Users\\bbs8\\Desktop\\testReactNative\\test-agora\\.expo\\metro\\externals\\querystring\\index.js": {"path":"C:\\Users\\bbs8\\Desktop\\testReactNative\\test-agora\\.expo\\metro\\externals\\querystring\\index.js","statementMap":{"0":{"start":{"line":1,"column":0},"end":{"line":1,"column":56}}},"fnMap":{},"branchMap":{},"s":{"0":0},"f":{},"b":{}}
,"C:\\Users\\bbs8\\Desktop\\testReactNative\\test-agora\\.expo\\metro\\externals\\readline\\index.js": {"path":"C:\\Users\\bbs8\\Desktop\\testReactNative\\test-agora\\.expo\\metro\\externals\\readline\\index.js","statementMap":{"0":{"start":{"line":1,"column":0},"end":{"line":1,"column":53}}},"fnMap":{},"branchMap":{},"s":{"0":0},"f":{},"b":{}}
,"C:\\Users\\bbs8\\Desktop\\testReactNative\\test-agora\\.expo\\metro\\externals\\repl\\index.js": {"path":"C:\\Users\\bbs8\\Desktop\\testReactNative\\test-agora\\.expo\\metro\\externals\\repl\\index.js","statementMap":{"0":{"start":{"line":1,"column":0},"end":{"line":1,"column":49}}},"fnMap":{},"branchMap":{},"s":{"0":0},"f":{},"b":{}}
,"C:\\Users\\bbs8\\Desktop\\testReactNative\\test-agora\\.expo\\metro\\externals\\stream\\index.js": {"path":"C:\\Users\\bbs8\\Desktop\\testReactNative\\test-agora\\.expo\\metro\\externals\\stream\\index.js","statementMap":{"0":{"start":{"line":1,"column":0},"end":{"line":1,"column":51}}},"fnMap":{},"branchMap":{},"s":{"0":0},"f":{},"b":{}}
,"C:\\Users\\bbs8\\Desktop\\testReactNative\\test-agora\\.expo\\metro\\externals\\string_decoder\\index.js": {"path":"C:\\Users\\bbs8\\Desktop\\testReactNative\\test-agora\\.expo\\metro\\externals\\string_decoder\\index.js","statementMap":{"0":{"start":{"line":1,"column":0},"end":{"line":1,"column":59}}},"fnMap":{},"branchMap":{},"s":{"0":0},"f":{},"b":{}}
,"C:\\Users\\bbs8\\Desktop\\testReactNative\\test-agora\\.expo\\metro\\externals\\timers\\index.js": {"path":"C:\\Users\\bbs8\\Desktop\\testReactNative\\test-agora\\.expo\\metro\\externals\\timers\\index.js","statementMap":{"0":{"start":{"line":1,"column":0},"end":{"line":1,"column":51}}},"fnMap":{},"branchMap":{},"s":{"0":0},"f":{},"b":{}}
,"C:\\Users\\bbs8\\Desktop\\testReactNative\\test-agora\\.expo\\metro\\externals\\tls\\index.js": {"path":"C:\\Users\\bbs8\\Desktop\\testReactNative\\test-agora\\.expo\\metro\\externals\\tls\\index.js","statementMap":{"0":{"start":{"line":1,"column":0},"end":{"line":1,"column":48}}},"fnMap":{},"branchMap":{},"s":{"0":0},"f":{},"b":{}}
,"C:\\Users\\bbs8\\Desktop\\testReactNative\\test-agora\\.expo\\metro\\externals\\trace_events\\index.js": {"path":"C:\\Users\\bbs8\\Desktop\\testReactNative\\test-agora\\.expo\\metro\\externals\\trace_events\\index.js","statementMap":{"0":{"start":{"line":1,"column":0},"end":{"line":1,"column":57}}},"fnMap":{},"branchMap":{},"s":{"0":0},"f":{},"b":{}}
,"C:\\Users\\bbs8\\Desktop\\testReactNative\\test-agora\\.expo\\metro\\externals\\tty\\index.js": {"path":"C:\\Users\\bbs8\\Desktop\\testReactNative\\test-agora\\.expo\\metro\\externals\\tty\\index.js","statementMap":{"0":{"start":{"line":1,"column":0},"end":{"line":1,"column":48}}},"fnMap":{},"branchMap":{},"s":{"0":0},"f":{},"b":{}}
,"C:\\Users\\bbs8\\Desktop\\testReactNative\\test-agora\\.expo\\metro\\externals\\url\\index.js": {"path":"C:\\Users\\bbs8\\Desktop\\testReactNative\\test-agora\\.expo\\metro\\externals\\url\\index.js","statementMap":{"0":{"start":{"line":1,"column":0},"end":{"line":1,"column":48}}},"fnMap":{},"branchMap":{},"s":{"0":0},"f":{},"b":{}}
,"C:\\Users\\bbs8\\Desktop\\testReactNative\\test-agora\\.expo\\metro\\externals\\util\\index.js": {"path":"C:\\Users\\bbs8\\Desktop\\testReactNative\\test-agora\\.expo\\metro\\externals\\util\\index.js","statementMap":{"0":{"start":{"line":1,"column":0},"end":{"line":1,"column":49}}},"fnMap":{},"branchMap":{},"s":{"0":0},"f":{},"b":{}}
,"C:\\Users\\bbs8\\Desktop\\testReactNative\\test-agora\\.expo\\metro\\externals\\v8\\index.js": {"path":"C:\\Users\\bbs8\\Desktop\\testReactNative\\test-agora\\.expo\\metro\\externals\\v8\\index.js","statementMap":{"0":{"start":{"line":1,"column":0},"end":{"line":1,"column":47}}},"fnMap":{},"branchMap":{},"s":{"0":0},"f":{},"b":{}}
,"C:\\Users\\bbs8\\Desktop\\testReactNative\\test-agora\\.expo\\metro\\externals\\vm\\index.js": {"path":"C:\\Users\\bbs8\\Desktop\\testReactNative\\test-agora\\.expo\\metro\\externals\\vm\\index.js","statementMap":{"0":{"start":{"line":1,"column":0},"end":{"line":1,"column":47}}},"fnMap":{},"branchMap":{},"s":{"0":0},"f":{},"b":{}}
,"C:\\Users\\bbs8\\Desktop\\testReactNative\\test-agora\\.expo\\metro\\externals\\wasi\\index.js": {"path":"C:\\Users\\bbs8\\Desktop\\testReactNative\\test-agora\\.expo\\metro\\externals\\wasi\\index.js","statementMap":{"0":{"start":{"line":1,"column":0},"end":{"line":1,"column":49}}},"fnMap":{},"branchMap":{},"s":{"0":0},"f":{},"b":{}}
,"C:\\Users\\bbs8\\Desktop\\testReactNative\\test-agora\\.expo\\metro\\externals\\worker_threads\\index.js": {"path":"C:\\Users\\bbs8\\Desktop\\testReactNative\\test-agora\\.expo\\metro\\externals\\worker_threads\\index.js","statementMap":{"0":{"start":{"line":1,"column":0},"end":{"line":1,"column":59}}},"fnMap":{},"branchMap":{},"s":{"0":0},"f":{},"b":{}}
,"C:\\Users\\bbs8\\Desktop\\testReactNative\\test-agora\\.expo\\metro\\externals\\zlib\\index.js": {"path":"C:\\Users\\bbs8\\Desktop\\testReactNative\\test-agora\\.expo\\metro\\externals\\zlib\\index.js","statementMap":{"0":{"start":{"line":1,"column":0},"end":{"line":1,"column":49}}},"fnMap":{},"branchMap":{},"s":{"0":0},"f":{},"b":{}}
,"C:\\Users\\bbs8\\Desktop\\testReactNative\\test-agora\\.expo\\metro\\shims\\react-native-web\\dist\\cjs\\exports\\AppRegistry\\AppContainer.js": {"path":"C:\\Users\\bbs8\\Desktop\\testReactNative\\test-agora\\.expo\\metro\\shims\\react-native-web\\dist\\cjs\\exports\\AppRegistry\\AppContainer.js","statementMap":{"0":{"start":{"line":5,"column":2},"end":{"line":5,"column":18}},"1":{"start":{"line":8,"column":0},"end":{"line":10,"column":1}},"2":{"start":{"line":9,"column":2},"end":{"line":9,"column":44}},"3":{"start":{"line":12,"column":0},"end":{"line":12,"column":30}},"4":{"start":{"line":13,"column":0},"end":{"line":13,"column":38}}},"fnMap":{"0":{"name":"AppContainer","decl":{"start":{"line":4,"column":9},"end":{"line":4,"column":21}},"loc":{"start":{"line":4,"column":36},"end":{"line":6,"column":1}},"line":4}},"branchMap":{"0":{"loc":{"start":{"line":8,"column":0},"end":{"line":10,"column":1}},"type":"if","locations":[{"start":{"line":8,"column":0},"end":{"line":10,"column":1}},{"start":{},"end":{}}],"line":8}},"s":{"0":0,"1":0,"2":0,"3":0,"4":0},"f":{"0":0},"b":{"0":[0,0]}}
,"C:\\Users\\bbs8\\Desktop\\testReactNative\\test-agora\\.expo\\metro\\shims\\react-native-web\\dist\\cjs\\exports\\BackHandler\\index.js": {"path":"C:\\Users\\bbs8\\Desktop\\testReactNative\\test-agora\\.expo\\metro\\shims\\react-native-web\\dist\\cjs\\exports\\BackHandler\\index.js","statementMap":{"0":{"start":{"line":3,"column":0},"end":{"line":3,"column":54}},"1":{"start":{"line":4,"column":18},"end":{"line":8,"column":3}},"2":{"start":{"line":6,"column":29},"end":{"line":6,"column":54}},"3":{"start":{"line":9,"column":13},"end":{"line":9,"column":24}},"4":{"start":{"line":10,"column":0},"end":{"line":10,"column":65}}},"fnMap":{"0":{"name":"emptyFunction","decl":{"start":{"line":2,"column":9},"end":{"line":2,"column":22}},"loc":{"start":{"line":2,"column":25},"end":{"line":2,"column":27}},"line":2},"1":{"name":"(anonymous_1)","decl":{"start":{"line":6,"column":22},"end":{"line":6,"column":23}},"loc":{"start":{"line":6,"column":29},"end":{"line":6,"column":54}},"line":6}},"branchMap":{},"s":{"0":0,"1":0,"2":0,"3":0,"4":0},"f":{"0":0,"1":0},"b":{}}
,"C:\\Users\\bbs8\\Desktop\\testReactNative\\test-agora\\.expo\\metro\\shims\\react-native-web\\dist\\exports\\AppRegistry\\AppContainer.js": {"path":"C:\\Users\\bbs8\\Desktop\\testReactNative\\test-agora\\.expo\\metro\\shims\\react-native-web\\dist\\exports\\AppRegistry\\AppContainer.js","statementMap":{"0":{"start":{"line":5,"column":2},"end":{"line":5,"column":18}},"1":{"start":{"line":8,"column":0},"end":{"line":10,"column":1}},"2":{"start":{"line":9,"column":2},"end":{"line":9,"column":44}}},"fnMap":{"0":{"name":"AppContainer","decl":{"start":{"line":4,"column":9},"end":{"line":4,"column":21}},"loc":{"start":{"line":4,"column":36},"end":{"line":6,"column":1}},"line":4}},"branchMap":{"0":{"loc":{"start":{"line":8,"column":0},"end":{"line":10,"column":1}},"type":"if","locations":[{"start":{"line":8,"column":0},"end":{"line":10,"column":1}},{"start":{},"end":{}}],"line":8}},"s":{"0":0,"1":0,"2":0},"f":{"0":0},"b":{"0":[0,0]}}
,"C:\\Users\\bbs8\\Desktop\\testReactNative\\test-agora\\.expo\\metro\\shims\\react-native-web\\dist\\exports\\BackHandler\\index.js": {"path":"C:\\Users\\bbs8\\Desktop\\testReactNative\\test-agora\\.expo\\metro\\shims\\react-native-web\\dist\\exports\\BackHandler\\index.js","statementMap":{"0":{"start":{"line":2,"column":18},"end":{"line":6,"column":1}},"1":{"start":{"line":4,"column":27},"end":{"line":4,"column":52}}},"fnMap":{"0":{"name":"emptyFunction","decl":{"start":{"line":1,"column":9},"end":{"line":1,"column":22}},"loc":{"start":{"line":1,"column":25},"end":{"line":1,"column":27}},"line":1},"1":{"name":"(anonymous_1)","decl":{"start":{"line":4,"column":20},"end":{"line":4,"column":21}},"loc":{"start":{"line":4,"column":27},"end":{"line":4,"column":52}},"line":4}},"branchMap":{},"s":{"0":0,"1":0},"f":{"0":0,"1":0},"b":{}}
,"C:\\Users\\bbs8\\Desktop\\testReactNative\\test-agora\\components\\Button.js": {"path":"C:\\Users\\bbs8\\Desktop\\testReactNative\\test-agora\\components\\Button.js","statementMap":{"0":{"start":{"line":5,"column":2},"end":{"line":18,"column":3}},"1":{"start":{"line":6,"column":4},"end":{"line":17,"column":6}},"2":{"start":{"line":20,"column":2},"end":{"line":26,"column":4}},"3":{"start":{"line":22,"column":54},"end":{"line":22,"column":84}},"4":{"start":{"line":29,"column":15},"end":{"line":53,"column":2}}},"fnMap":{"0":{"name":"Button","decl":{"start":{"line":4,"column":24},"end":{"line":4,"column":30}},"loc":{"start":{"line":4,"column":58},"end":{"line":27,"column":1}},"line":4},"1":{"name":"(anonymous_1)","decl":{"start":{"line":22,"column":48},"end":{"line":22,"column":49}},"loc":{"start":{"line":22,"column":54},"end":{"line":22,"column":84}},"line":22}},"branchMap":{"0":{"loc":{"start":{"line":5,"column":2},"end":{"line":18,"column":3}},"type":"if","locations":[{"start":{"line":5,"column":2},"end":{"line":18,"column":3}},{"start":{},"end":{}}],"line":5}},"s":{"0":0,"1":0,"2":0,"3":0,"4":0},"f":{"0":0,"1":0},"b":{"0":[0,0]}}
,"C:\\Users\\bbs8\\Desktop\\testReactNative\\test-agora\\components\\ImageViewer.js": {"path":"C:\\Users\\bbs8\\Desktop\\testReactNative\\test-agora\\components\\ImageViewer.js","statementMap":{"0":{"start":{"line":4,"column":22},"end":{"line":4,"column":85}},"1":{"start":{"line":6,"column":2},"end":{"line":6,"column":61}},"2":{"start":{"line":9,"column":15},"end":{"line":15,"column":2}}},"fnMap":{"0":{"name":"ImageViewer","decl":{"start":{"line":3,"column":24},"end":{"line":3,"column":35}},"loc":{"start":{"line":3,"column":79},"end":{"line":7,"column":1}},"line":3}},"branchMap":{"0":{"loc":{"start":{"line":4,"column":22},"end":{"line":4,"column":85}},"type":"cond-expr","locations":[{"start":{"line":4,"column":38},"end":{"line":4,"column":60}},{"start":{"line":4,"column":63},"end":{"line":4,"column":85}}],"line":4}},"s":{"0":0,"1":0,"2":0},"f":{"0":0},"b":{"0":[0,0]}}
,"C:\\Users\\bbs8\\Desktop\\testReactNative\\test-agora\\firebase\\firebaseConfig.js": {"path":"C:\\Users\\bbs8\\Desktop\\testReactNative\\test-agora\\firebase\\firebaseConfig.js","statementMap":{"0":{"start":{"line":8,"column":23},"end":{"line":15,"column":1}},"1":{"start":{"line":18,"column":19},"end":{"line":18,"column":48}},"2":{"start":{"line":19,"column":30},"end":{"line":19,"column":42}},"3":{"start":{"line":20,"column":18},"end":{"line":20,"column":35}},"4":{"start":{"line":21,"column":23},"end":{"line":21,"column":38}}},"fnMap":{},"branchMap":{},"s":{"0":0,"1":0,"2":0,"3":0,"4":0},"f":{},"b":{}}
,"C:\\Users\\bbs8\\Desktop\\testReactNative\\test-agora\\screens\\Album.js": {"path":"C:\\Users\\bbs8\\Desktop\\testReactNative\\test-agora\\screens\\Album.js","statementMap":{"0":{"start":{"line":4,"column":13},"end":{"line":21,"column":1}},"1":{"start":{"line":24,"column":4},"end":{"line":95,"column":5}},"2":{"start":{"line":31,"column":45},"end":{"line":31,"column":62}},"3":{"start":{"line":34,"column":20},"end":{"line":49,"column":21}},"4":{"start":{"line":53,"column":20},"end":{"line":91,"column":27}},"5":{"start":{"line":60,"column":57},"end":{"line":60,"column":67}},"6":{"start":{"line":62,"column":32},"end":{"line":75,"column":51}},"7":{"start":{"line":98,"column":15},"end":{"line":98,"column":36}}},"fnMap":{"0":{"name":"Album","decl":{"start":{"line":23,"column":24},"end":{"line":23,"column":29}},"loc":{"start":{"line":23,"column":32},"end":{"line":96,"column":1}},"line":23},"1":{"name":"(anonymous_1)","decl":{"start":{"line":31,"column":30},"end":{"line":31,"column":31}},"loc":{"start":{"line":31,"column":45},"end":{"line":31,"column":62}},"line":31},"2":{"name":"(anonymous_2)","decl":{"start":{"line":33,"column":28},"end":{"line":33,"column":29}},"loc":{"start":{"line":33,"column":42},"end":{"line":50,"column":17}},"line":33},"3":{"name":"(anonymous_3)","decl":{"start":{"line":52,"column":37},"end":{"line":52,"column":38}},"loc":{"start":{"line":53,"column":20},"end":{"line":91,"column":27}},"line":53},"4":{"name":"(anonymous_4)","decl":{"start":{"line":60,"column":42},"end":{"line":60,"column":43}},"loc":{"start":{"line":60,"column":57},"end":{"line":60,"column":67}},"line":60},"5":{"name":"(anonymous_5)","decl":{"start":{"line":61,"column":40},"end":{"line":61,"column":41}},"loc":{"start":{"line":62,"column":32},"end":{"line":75,"column":51}},"line":62}},"branchMap":{},"s":{"0":0,"1":0,"2":0,"3":0,"4":0,"5":0,"6":0,"7":0},"f":{"0":0,"1":0,"2":0,"3":0,"4":0,"5":0},"b":{}}
,"C:\\Users\\bbs8\\Desktop\\testReactNative\\test-agora\\screens\\AppointmentCalendar.js": {"path":"C:\\Users\\bbs8\\Desktop\\testReactNative\\test-agora\\screens\\AppointmentCalendar.js","statementMap":{"0":{"start":{"line":6,"column":42},"end":{"line":6,"column":89}},"1":{"start":{"line":7,"column":42},"end":{"line":10,"column":4}},"2":{"start":{"line":12,"column":32},"end":{"line":18,"column":3}},"3":{"start":{"line":13,"column":4},"end":{"line":17,"column":6}},"4":{"start":{"line":20,"column":2},"end":{"line":34,"column":4}},"5":{"start":{"line":26,"column":29},"end":{"line":26,"column":60}},"6":{"start":{"line":37,"column":15},"end":{"line":48,"column":2}}},"fnMap":{"0":{"name":"AppointmentCalendar","decl":{"start":{"line":5,"column":24},"end":{"line":5,"column":43}},"loc":{"start":{"line":5,"column":46},"end":{"line":35,"column":1}},"line":5},"1":{"name":"(anonymous_1)","decl":{"start":{"line":12,"column":32},"end":{"line":12,"column":33}},"loc":{"start":{"line":12,"column":42},"end":{"line":18,"column":3}},"line":12},"2":{"name":"(anonymous_2)","decl":{"start":{"line":26,"column":20},"end":{"line":26,"column":21}},"loc":{"start":{"line":26,"column":29},"end":{"line":26,"column":60}},"line":26}},"branchMap":{},"s":{"0":0,"1":0,"2":0,"3":0,"4":0,"5":0,"6":0},"f":{"0":0,"1":0,"2":0},"b":{}}
,"C:\\Users\\bbs8\\Desktop\\testReactNative\\test-agora\\screens\\AudioCall.js": {"path":"C:\\Users\\bbs8\\Desktop\\testReactNative\\test-agora\\screens\\AudioCall.js","statementMap":{"0":{"start":{"line":6,"column":2},"end":{"line":10,"column":3}},"1":{"start":{"line":8,"column":30},"end":{"line":8,"column":62}},"2":{"start":{"line":13,"column":15},"end":{"line":13,"column":36}}},"fnMap":{"0":{"name":"AudioCall","decl":{"start":{"line":5,"column":24},"end":{"line":5,"column":33}},"loc":{"start":{"line":5,"column":48},"end":{"line":11,"column":1}},"line":5},"1":{"name":"(anonymous_1)","decl":{"start":{"line":8,"column":24},"end":{"line":8,"column":25}},"loc":{"start":{"line":8,"column":30},"end":{"line":8,"column":62}},"line":8}},"branchMap":{},"s":{"0":0,"1":0,"2":0},"f":{"0":0,"1":0},"b":{}}
,"C:\\Users\\bbs8\\Desktop\\testReactNative\\test-agora\\screens\\Calendar.js": {"path":"C:\\Users\\bbs8\\Desktop\\testReactNative\\test-agora\\screens\\Calendar.js","statementMap":{"0":{"start":{"line":7,"column":24},"end":{"line":7,"column":38}},"1":{"start":{"line":8,"column":25},"end":{"line":10,"column":1}},"2":{"start":{"line":11,"column":2},"end":{"line":22,"column":3}},"3":{"start":{"line":25,"column":15},"end":{"line":38,"column":2}}},"fnMap":{"0":{"name":"Calendar","decl":{"start":{"line":6,"column":24},"end":{"line":6,"column":32}},"loc":{"start":{"line":6,"column":35},"end":{"line":23,"column":1}},"line":6},"1":{"name":"(anonymous_1)","decl":{"start":{"line":8,"column":25},"end":{"line":8,"column":26}},"loc":{"start":{"line":8,"column":50},"end":{"line":10,"column":1}},"line":8}},"branchMap":{},"s":{"0":0,"1":0,"2":0,"3":0},"f":{"0":0,"1":0},"b":{}}
,"C:\\Users\\bbs8\\Desktop\\testReactNative\\test-agora\\screens\\CalendarScreen.js": {"path":"C:\\Users\\bbs8\\Desktop\\testReactNative\\test-agora\\screens\\CalendarScreen.js","statementMap":{"0":{"start":{"line":8,"column":4},"end":{"line":8,"column":17}},"1":{"start":{"line":9,"column":4},"end":{"line":11,"column":6}},"2":{"start":{"line":15,"column":4},"end":{"line":48,"column":6}},"3":{"start":{"line":51,"column":14},"end":{"line":81,"column":3}},"4":{"start":{"line":52,"column":18},"end":{"line":52,"column":40}},"5":{"start":{"line":54,"column":4},"end":{"line":80,"column":13}},"6":{"start":{"line":55,"column":6},"end":{"line":71,"column":7}},"7":{"start":{"line":55,"column":19},"end":{"line":55,"column":22}},"8":{"start":{"line":56,"column":21},"end":{"line":56,"column":60}},"9":{"start":{"line":57,"column":24},"end":{"line":57,"column":47}},"10":{"start":{"line":59,"column":8},"end":{"line":70,"column":9}},"11":{"start":{"line":60,"column":10},"end":{"line":60,"column":30}},"12":{"start":{"line":62,"column":27},"end":{"line":62,"column":60}},"13":{"start":{"line":63,"column":10},"end":{"line":69,"column":11}},"14":{"start":{"line":63,"column":23},"end":{"line":63,"column":24}},"15":{"start":{"line":64,"column":12},"end":{"line":68,"column":15}},"16":{"start":{"line":73,"column":23},"end":{"line":73,"column":25}},"17":{"start":{"line":74,"column":6},"end":{"line":76,"column":9}},"18":{"start":{"line":75,"column":8},"end":{"line":75,"column":35}},"19":{"start":{"line":77,"column":6},"end":{"line":79,"column":9}},"20":{"start":{"line":83,"column":14},"end":{"line":88,"column":3}},"21":{"start":{"line":84,"column":4},"end":{"line":86,"column":5}},"22":{"start":{"line":85,"column":6},"end":{"line":85,"column":66}},"23":{"start":{"line":87,"column":4},"end":{"line":87,"column":42}},"24":{"start":{"line":90,"column":15},"end":{"line":103,"column":3}},"25":{"start":{"line":91,"column":21},"end":{"line":91,"column":38}},"26":{"start":{"line":92,"column":18},"end":{"line":92,"column":47}},"27":{"start":{"line":94,"column":4},"end":{"line":102,"column":6}},"28":{"start":{"line":98,"column":23},"end":{"line":98,"column":52}},"29":{"start":{"line":105,"column":20},"end":{"line":111,"column":3}},"30":{"start":{"line":106,"column":4},"end":{"line":110,"column":6}},"31":{"start":{"line":113,"column":18},"end":{"line":115,"column":3}},"32":{"start":{"line":114,"column":4},"end":{"line":114,"column":31}},"33":{"start":{"line":118,"column":17},"end":{"line":118,"column":31}},"34":{"start":{"line":119,"column":4},"end":{"line":119,"column":44}},"35":{"start":{"line":123,"column":15},"end":{"line":145,"column":2}}},"fnMap":{"0":{"name":"(anonymous_0)","decl":{"start":{"line":7,"column":2},"end":{"line":7,"column":3}},"loc":{"start":{"line":7,"column":21},"end":{"line":12,"column":3}},"line":7},"1":{"name":"(anonymous_1)","decl":{"start":{"line":14,"column":2},"end":{"line":14,"column":3}},"loc":{"start":{"line":14,"column":11},"end":{"line":49,"column":3}},"line":14},"2":{"name":"(anonymous_2)","decl":{"start":{"line":51,"column":14},"end":{"line":51,"column":15}},"loc":{"start":{"line":51,"column":23},"end":{"line":81,"column":3}},"line":51},"3":{"name":"(anonymous_3)","decl":{"start":{"line":54,"column":15},"end":{"line":54,"column":16}},"loc":{"start":{"line":54,"column":21},"end":{"line":80,"column":5}},"line":54},"4":{"name":"(anonymous_4)","decl":{"start":{"line":74,"column":33},"end":{"line":74,"column":34}},"loc":{"start":{"line":74,"column":40},"end":{"line":76,"column":7}},"line":74},"5":{"name":"(anonymous_5)","decl":{"start":{"line":83,"column":14},"end":{"line":83,"column":15}},"loc":{"start":{"line":83,"column":23},"end":{"line":88,"column":3}},"line":83},"6":{"name":"(anonymous_6)","decl":{"start":{"line":90,"column":15},"end":{"line":90,"column":16}},"loc":{"start":{"line":90,"column":41},"end":{"line":103,"column":3}},"line":90},"7":{"name":"(anonymous_7)","decl":{"start":{"line":98,"column":17},"end":{"line":98,"column":18}},"loc":{"start":{"line":98,"column":23},"end":{"line":98,"column":52}},"line":98},"8":{"name":"(anonymous_8)","decl":{"start":{"line":105,"column":20},"end":{"line":105,"column":21}},"loc":{"start":{"line":105,"column":26},"end":{"line":111,"column":3}},"line":105},"9":{"name":"(anonymous_9)","decl":{"start":{"line":113,"column":18},"end":{"line":113,"column":19}},"loc":{"start":{"line":113,"column":30},"end":{"line":115,"column":3}},"line":113},"10":{"name":"(anonymous_10)","decl":{"start":{"line":117,"column":2},"end":{"line":117,"column":3}},"loc":{"start":{"line":117,"column":21},"end":{"line":120,"column":3}},"line":117}},"branchMap":{"0":{"loc":{"start":{"line":52,"column":18},"end":{"line":52,"column":40}},"type":"binary-expr","locations":[{"start":{"line":52,"column":18},"end":{"line":52,"column":34}},{"start":{"line":52,"column":38},"end":{"line":52,"column":40}}],"line":52},"1":{"loc":{"start":{"line":59,"column":8},"end":{"line":70,"column":9}},"type":"if","locations":[{"start":{"line":59,"column":8},"end":{"line":70,"column":9}},{"start":{},"end":{}}],"line":59},"2":{"loc":{"start":{"line":84,"column":4},"end":{"line":86,"column":5}},"type":"if","locations":[{"start":{"line":84,"column":4},"end":{"line":86,"column":5}},{"start":{},"end":{}}],"line":84},"3":{"loc":{"start":{"line":91,"column":21},"end":{"line":91,"column":38}},"type":"cond-expr","locations":[{"start":{"line":91,"column":31},"end":{"line":91,"column":33}},{"start":{"line":91,"column":36},"end":{"line":91,"column":38}}],"line":91},"4":{"loc":{"start":{"line":92,"column":18},"end":{"line":92,"column":47}},"type":"cond-expr","locations":[{"start":{"line":92,"column":28},"end":{"line":92,"column":35}},{"start":{"line":92,"column":38},"end":{"line":92,"column":47}}],"line":92}},"s":{"0":0,"1":0,"2":0,"3":0,"4":0,"5":0,"6":0,"7":0,"8":0,"9":0,"10":0,"11":0,"12":0,"13":0,"14":0,"15":0,"16":0,"17":0,"18":0,"19":0,"20":0,"21":0,"22":0,"23":0,"24":0,"25":0,"26":0,"27":0,"28":0,"29":0,"30":0,"31":0,"32":0,"33":0,"34":0,"35":0},"f":{"0":0,"1":0,"2":0,"3":0,"4":0,"5":0,"6":0,"7":0,"8":0,"9":0,"10":0},"b":{"0":[0,0],"1":[0,0],"2":[0,0],"3":[0,0],"4":[0,0]}}
,"C:\\Users\\bbs8\\Desktop\\testReactNative\\test-agora\\screens\\Chat.js": {"path":"C:\\Users\\bbs8\\Desktop\\testReactNative\\test-agora\\screens\\Chat.js","statementMap":{"0":{"start":{"line":41,"column":18},"end":{"line":41,"column":34}},"1":{"start":{"line":42,"column":26},"end":{"line":42,"column":58}},"2":{"start":{"line":43,"column":38},"end":{"line":43,"column":50}},"3":{"start":{"line":44,"column":32},"end":{"line":44,"column":46}},"4":{"start":{"line":45,"column":46},"end":{"line":45,"column":61}},"5":{"start":{"line":47,"column":25},"end":{"line":47,"column":40}},"6":{"start":{"line":48,"column":4},"end":{"line":48,"column":21}},"7":{"start":{"line":49,"column":6},"end":{"line":76,"column":23}},"8":{"start":{"line":50,"column":8},"end":{"line":75,"column":11}},"9":{"start":{"line":52,"column":12},"end":{"line":73,"column":31}},"10":{"start":{"line":71,"column":31},"end":{"line":71,"column":50}},"11":{"start":{"line":78,"column":6},"end":{"line":95,"column":13}},"12":{"start":{"line":80,"column":10},"end":{"line":82,"column":42}},"13":{"start":{"line":83,"column":12},"end":{"line":83,"column":32}},"14":{"start":{"line":84,"column":28},"end":{"line":84,"column":56}},"15":{"start":{"line":85,"column":30},"end":{"line":85,"column":65}},"16":{"start":{"line":86,"column":18},"end":{"line":86,"column":68}},"17":{"start":{"line":87,"column":24},"end":{"line":94,"column":10}},"18":{"start":{"line":88,"column":30},"end":{"line":92,"column":13}},"19":{"start":{"line":88,"column":63},"end":{"line":92,"column":11}},"20":{"start":{"line":93,"column":10},"end":{"line":93,"column":35}},"21":{"start":{"line":97,"column":21},"end":{"line":131,"column":7}},"22":{"start":{"line":99,"column":22},"end":{"line":99,"column":38}},"23":{"start":{"line":101,"column":12},"end":{"line":103,"column":44}},"24":{"start":{"line":104,"column":30},"end":{"line":104,"column":58}},"25":{"start":{"line":105,"column":32},"end":{"line":105,"column":67}},"26":{"start":{"line":108,"column":10},"end":{"line":115,"column":11}},"27":{"start":{"line":110,"column":12},"end":{"line":110,"column":32}},"28":{"start":{"line":112,"column":12},"end":{"line":112,"column":30}},"29":{"start":{"line":114,"column":12},"end":{"line":114,"column":27}},"30":{"start":{"line":118,"column":27},"end":{"line":123,"column":12}},"31":{"start":{"line":126,"column":10},"end":{"line":128,"column":12}},"32":{"start":{"line":127,"column":12},"end":{"line":127,"column":62}},"33":{"start":{"line":133,"column":24},"end":{"line":146,"column":7}},"34":{"start":{"line":134,"column":21},"end":{"line":139,"column":10}},"35":{"start":{"line":141,"column":8},"end":{"line":141,"column":53}},"36":{"start":{"line":143,"column":8},"end":{"line":145,"column":9}},"37":{"start":{"line":144,"column":10},"end":{"line":144,"column":41}},"38":{"start":{"line":148,"column":33},"end":{"line":150,"column":7}},"39":{"start":{"line":149,"column":8},"end":{"line":149,"column":34}},"40":{"start":{"line":153,"column":26},"end":{"line":174,"column":7}},"41":{"start":{"line":154,"column":8},"end":{"line":173,"column":9}},"42":{"start":{"line":155,"column":27},"end":{"line":155,"column":70}},"43":{"start":{"line":156,"column":29},"end":{"line":156,"column":63}},"44":{"start":{"line":157,"column":27},"end":{"line":157,"column":45}},"45":{"start":{"line":158,"column":23},"end":{"line":158,"column":44}},"46":{"start":{"line":159,"column":29},"end":{"line":159,"column":64}},"47":{"start":{"line":161,"column":30},"end":{"line":161,"column":66}},"48":{"start":{"line":162,"column":10},"end":{"line":165,"column":12}},"49":{"start":{"line":166,"column":10},"end":{"line":166,"column":29}},"50":{"start":{"line":168,"column":10},"end":{"line":171,"column":12}},"51":{"start":{"line":172,"column":10},"end":{"line":172,"column":22}},"52":{"start":{"line":176,"column":33},"end":{"line":189,"column":7}},"53":{"start":{"line":177,"column":8},"end":{"line":188,"column":9}},"54":{"start":{"line":178,"column":27},"end":{"line":178,"column":76}},"55":{"start":{"line":179,"column":29},"end":{"line":179,"column":63}},"56":{"start":{"line":180,"column":10},"end":{"line":180,"column":41}},"57":{"start":{"line":181,"column":10},"end":{"line":181,"column":73}},"58":{"start":{"line":183,"column":10},"end":{"line":186,"column":12}},"59":{"start":{"line":187,"column":10},"end":{"line":187,"column":22}},"60":{"start":{"line":191,"column":30},"end":{"line":230,"column":7}},"61":{"start":{"line":192,"column":8},"end":{"line":229,"column":9}},"62":{"start":{"line":194,"column":12},"end":{"line":196,"column":44}},"63":{"start":{"line":197,"column":30},"end":{"line":197,"column":58}},"64":{"start":{"line":198,"column":32},"end":{"line":198,"column":67}},"65":{"start":{"line":200,"column":10},"end":{"line":203,"column":11}},"66":{"start":{"line":202,"column":12},"end":{"line":202,"column":60}},"67":{"start":{"line":205,"column":10},"end":{"line":205,"column":44}},"68":{"start":{"line":206,"column":10},"end":{"line":213,"column":13}},"69":{"start":{"line":209,"column":29},"end":{"line":209,"column":58}},"70":{"start":{"line":212,"column":41},"end":{"line":212,"column":66}},"71":{"start":{"line":216,"column":10},"end":{"line":216,"column":67}},"72":{"start":{"line":218,"column":10},"end":{"line":218,"column":76}},"73":{"start":{"line":221,"column":10},"end":{"line":225,"column":12}},"74":{"start":{"line":222,"column":12},"end":{"line":224,"column":13}},"75":{"start":{"line":223,"column":27},"end":{"line":223,"column":62}},"76":{"start":{"line":227,"column":10},"end":{"line":227,"column":76}},"77":{"start":{"line":232,"column":28},"end":{"line":287,"column":7}},"78":{"start":{"line":233,"column":8},"end":{"line":286,"column":10}},"79":{"start":{"line":289,"column":25},"end":{"line":291,"column":7}},"80":{"start":{"line":290,"column":8},"end":{"line":290,"column":30}},"81":{"start":{"line":293,"column":25},"end":{"line":295,"column":7}},"82":{"start":{"line":294,"column":8},"end":{"line":294,"column":31}},"83":{"start":{"line":297,"column":6},"end":{"line":335,"column":6}},"84":{"start":{"line":300,"column":35},"end":{"line":300,"column":56}},"85":{"start":{"line":304,"column":10},"end":{"line":312,"column":11}},"86":{"start":{"line":305,"column":12},"end":{"line":311,"column":14}},"87":{"start":{"line":307,"column":35},"end":{"line":307,"column":72}},"88":{"start":{"line":313,"column":10},"end":{"line":313,"column":22}},"89":{"start":{"line":316,"column":10},"end":{"line":327,"column":11}},"90":{"start":{"line":317,"column":12},"end":{"line":326,"column":14}},"91":{"start":{"line":319,"column":35},"end":{"line":319,"column":72}},"92":{"start":{"line":328,"column":10},"end":{"line":328,"column":22}},"93":{"start":{"line":338,"column":19},"end":{"line":382,"column":6}}},"fnMap":{"0":{"name":"Chat","decl":{"start":{"line":40,"column":28},"end":{"line":40,"column":32}},"loc":{"start":{"line":40,"column":44},"end":{"line":336,"column":5}},"line":40},"1":{"name":"(anonymous_1)","decl":{"start":{"line":49,"column":22},"end":{"line":49,"column":23}},"loc":{"start":{"line":49,"column":28},"end":{"line":76,"column":7}},"line":49},"2":{"name":"(anonymous_2)","decl":{"start":{"line":51,"column":23},"end":{"line":51,"column":24}},"loc":{"start":{"line":52,"column":12},"end":{"line":73,"column":31}},"line":52},"3":{"name":"(anonymous_3)","decl":{"start":{"line":71,"column":25},"end":{"line":71,"column":26}},"loc":{"start":{"line":71,"column":31},"end":{"line":71,"column":50}},"line":71},"4":{"name":"(anonymous_4)","decl":{"start":{"line":78,"column":16},"end":{"line":78,"column":17}},"loc":{"start":{"line":78,"column":22},"end":{"line":95,"column":7}},"line":78},"5":{"name":"(anonymous_5)","decl":{"start":{"line":87,"column":38},"end":{"line":87,"column":39}},"loc":{"start":{"line":87,"column":50},"end":{"line":94,"column":9}},"line":87},"6":{"name":"(anonymous_6)","decl":{"start":{"line":88,"column":46},"end":{"line":88,"column":47}},"loc":{"start":{"line":88,"column":63},"end":{"line":92,"column":11}},"line":88},"7":{"name":"(anonymous_7)","decl":{"start":{"line":98,"column":8},"end":{"line":98,"column":9}},"loc":{"start":{"line":98,"column":33},"end":{"line":129,"column":9}},"line":98},"8":{"name":"(anonymous_8)","decl":{"start":{"line":126,"column":22},"end":{"line":126,"column":23}},"loc":{"start":{"line":127,"column":12},"end":{"line":127,"column":62}},"line":127},"9":{"name":"(anonymous_9)","decl":{"start":{"line":133,"column":24},"end":{"line":133,"column":25}},"loc":{"start":{"line":133,"column":36},"end":{"line":146,"column":7}},"line":133},"10":{"name":"(anonymous_10)","decl":{"start":{"line":148,"column":33},"end":{"line":148,"column":34}},"loc":{"start":{"line":148,"column":39},"end":{"line":150,"column":7}},"line":148},"11":{"name":"(anonymous_11)","decl":{"start":{"line":153,"column":26},"end":{"line":153,"column":27}},"loc":{"start":{"line":153,"column":38},"end":{"line":174,"column":7}},"line":153},"12":{"name":"(anonymous_12)","decl":{"start":{"line":176,"column":33},"end":{"line":176,"column":34}},"loc":{"start":{"line":176,"column":53},"end":{"line":189,"column":7}},"line":176},"13":{"name":"(anonymous_13)","decl":{"start":{"line":191,"column":30},"end":{"line":191,"column":31}},"loc":{"start":{"line":191,"column":57},"end":{"line":230,"column":7}},"line":191},"14":{"name":"(anonymous_14)","decl":{"start":{"line":209,"column":23},"end":{"line":209,"column":24}},"loc":{"start":{"line":209,"column":29},"end":{"line":209,"column":58}},"line":209},"15":{"name":"(anonymous_15)","decl":{"start":{"line":212,"column":35},"end":{"line":212,"column":36}},"loc":{"start":{"line":212,"column":41},"end":{"line":212,"column":66}},"line":212},"16":{"name":"(anonymous_16)","decl":{"start":{"line":221,"column":22},"end":{"line":221,"column":23}},"loc":{"start":{"line":222,"column":12},"end":{"line":224,"column":13}},"line":222},"17":{"name":"(anonymous_17)","decl":{"start":{"line":223,"column":14},"end":{"line":223,"column":15}},"loc":{"start":{"line":223,"column":27},"end":{"line":223,"column":62}},"line":223},"18":{"name":"(anonymous_18)","decl":{"start":{"line":232,"column":28},"end":{"line":232,"column":29}},"loc":{"start":{"line":232,"column":39},"end":{"line":287,"column":7}},"line":232},"19":{"name":"(anonymous_19)","decl":{"start":{"line":289,"column":25},"end":{"line":289,"column":26}},"loc":{"start":{"line":289,"column":31},"end":{"line":291,"column":7}},"line":289},"20":{"name":"(anonymous_20)","decl":{"start":{"line":293,"column":25},"end":{"line":293,"column":26}},"loc":{"start":{"line":293,"column":31},"end":{"line":295,"column":7}},"line":293},"21":{"name":"(anonymous_21)","decl":{"start":{"line":300,"column":16},"end":{"line":300,"column":17}},"loc":{"start":{"line":300,"column":35},"end":{"line":300,"column":56}},"line":300},"22":{"name":"(anonymous_22)","decl":{"start":{"line":303,"column":27},"end":{"line":303,"column":28}},"loc":{"start":{"line":303,"column":38},"end":{"line":314,"column":9}},"line":303},"23":{"name":"(anonymous_23)","decl":{"start":{"line":307,"column":29},"end":{"line":307,"column":30}},"loc":{"start":{"line":307,"column":35},"end":{"line":307,"column":72}},"line":307},"24":{"name":"(anonymous_24)","decl":{"start":{"line":315,"column":28},"end":{"line":315,"column":29}},"loc":{"start":{"line":315,"column":39},"end":{"line":329,"column":9}},"line":315},"25":{"name":"(anonymous_25)","decl":{"start":{"line":319,"column":29},"end":{"line":319,"column":30}},"loc":{"start":{"line":319,"column":35},"end":{"line":319,"column":72}},"line":319}},"branchMap":{"0":{"loc":{"start":{"line":80,"column":10},"end":{"line":82,"column":42}},"type":"cond-expr","locations":[{"start":{"line":81,"column":14},"end":{"line":81,"column":42}},{"start":{"line":82,"column":14},"end":{"line":82,"column":42}}],"line":80},"1":{"loc":{"start":{"line":101,"column":12},"end":{"line":103,"column":44}},"type":"cond-expr","locations":[{"start":{"line":102,"column":16},"end":{"line":102,"column":44}},{"start":{"line":103,"column":16},"end":{"line":103,"column":44}}],"line":101},"2":{"loc":{"start":{"line":108,"column":10},"end":{"line":115,"column":11}},"type":"if","locations":[{"start":{"line":108,"column":10},"end":{"line":115,"column":11}},{"start":{},"end":{}}],"line":108},"3":{"loc":{"start":{"line":143,"column":8},"end":{"line":145,"column":9}},"type":"if","locations":[{"start":{"line":143,"column":8},"end":{"line":145,"column":9}},{"start":{},"end":{}}],"line":143},"4":{"loc":{"start":{"line":194,"column":12},"end":{"line":196,"column":44}},"type":"cond-expr","locations":[{"start":{"line":195,"column":16},"end":{"line":195,"column":44}},{"start":{"line":196,"column":16},"end":{"line":196,"column":44}}],"line":194},"5":{"loc":{"start":{"line":200,"column":10},"end":{"line":203,"column":11}},"type":"if","locations":[{"start":{"line":200,"column":10},"end":{"line":203,"column":11}},{"start":{},"end":{}}],"line":200},"6":{"loc":{"start":{"line":248,"column":13},"end":{"line":255,"column":9}},"type":"binary-expr","locations":[{"start":{"line":248,"column":13},"end":{"line":248,"column":18}},{"start":{"line":249,"column":10},"end":{"line":254,"column":17}}],"line":248},"7":{"loc":{"start":{"line":304,"column":10},"end":{"line":312,"column":11}},"type":"if","locations":[{"start":{"line":304,"column":10},"end":{"line":312,"column":11}},{"start":{},"end":{}}],"line":304},"8":{"loc":{"start":{"line":316,"column":10},"end":{"line":327,"column":11}},"type":"if","locations":[{"start":{"line":316,"column":10},"end":{"line":327,"column":11}},{"start":{},"end":{}}],"line":316}},"s":{"0":0,"1":0,"2":0,"3":0,"4":0,"5":0,"6":0,"7":0,"8":0,"9":0,"10":0,"11":0,"12":0,"13":0,"14":0,"15":0,"16":0,"17":0,"18":0,"19":0,"20":0,"21":0,"22":0,"23":0,"24":0,"25":0,"26":0,"27":0,"28":0,"29":0,"30":0,"31":0,"32":0,"33":0,"34":0,"35":0,"36":0,"37":0,"38":0,"39":0,"40":0,"41":0,"42":0,"43":0,"44":0,"45":0,"46":0,"47":0,"48":0,"49":0,"50":0,"51":0,"52":0,"53":0,"54":0,"55":0,"56":0,"57":0,"58":0,"59":0,"60":0,"61":0,"62":0,"63":0,"64":0,"65":0,"66":0,"67":0,"68":0,"69":0,"70":0,"71":0,"72":0,"73":0,"74":0,"75":0,"76":0,"77":0,"78":0,"79":0,"80":0,"81":0,"82":0,"83":0,"84":0,"85":0,"86":0,"87":0,"88":0,"89":0,"90":0,"91":0,"92":0,"93":0},"f":{"0":0,"1":0,"2":0,"3":0,"4":0,"5":0,"6":0,"7":0,"8":0,"9":0,"10":0,"11":0,"12":0,"13":0,"14":0,"15":0,"16":0,"17":0,"18":0,"19":0,"20":0,"21":0,"22":0,"23":0,"24":0,"25":0},"b":{"0":[0,0],"1":[0,0],"2":[0,0],"3":[0,0],"4":[0,0],"5":[0,0],"6":[0,0],"7":[0,0],"8":[0,0]}}
,"C:\\Users\\bbs8\\Desktop\\testReactNative\\test-agora\\screens\\CompteurCaractere.js": {"path":"C:\\Users\\bbs8\\Desktop\\testReactNative\\test-agora\\screens\\CompteurCaractere.js","statementMap":{"0":{"start":{"line":5,"column":26},"end":{"line":28,"column":1}},"1":{"start":{"line":6,"column":26},"end":{"line":6,"column":38}},"2":{"start":{"line":8,"column":27},"end":{"line":10,"column":3}},"3":{"start":{"line":9,"column":4},"end":{"line":9,"column":23}},"4":{"start":{"line":12,"column":25},"end":{"line":12,"column":36}},"5":{"start":{"line":14,"column":2},"end":{"line":27,"column":4}},"6":{"start":{"line":30,"column":15},"end":{"line":41,"column":2}}},"fnMap":{"0":{"name":"(anonymous_0)","decl":{"start":{"line":5,"column":26},"end":{"line":5,"column":27}},"loc":{"start":{"line":5,"column":32},"end":{"line":28,"column":1}},"line":5},"1":{"name":"(anonymous_1)","decl":{"start":{"line":8,"column":27},"end":{"line":8,"column":28}},"loc":{"start":{"line":8,"column":42},"end":{"line":10,"column":3}},"line":8}},"branchMap":{},"s":{"0":1,"1":3,"2":3,"3":1,"4":3,"5":3,"6":1},"f":{"0":3,"1":1},"b":{},"_coverageSchema":"1a1c01bbd47fc00a2c39e90264f33305004495a9","hash":"271531890a1fb18ab7c38c591f58c8deb8d7be4f"}
,"C:\\Users\\bbs8\\Desktop\\testReactNative\\test-agora\\screens\\GroupChat.js": {"path":"C:\\Users\\bbs8\\Desktop\\testReactNative\\test-agora\\screens\\GroupChat.js","statementMap":{"0":{"start":{"line":8,"column":18},"end":{"line":102,"column":1}},"1":{"start":{"line":9,"column":28},"end":{"line":9,"column":40}},"2":{"start":{"line":10,"column":48},"end":{"line":10,"column":60}},"3":{"start":{"line":11,"column":36},"end":{"line":11,"column":48}},"4":{"start":{"line":12,"column":32},"end":{"line":12,"column":46}},"5":{"start":{"line":13,"column":21},"end":{"line":13,"column":36}},"6":{"start":{"line":15,"column":2},"end":{"line":23,"column":9}},"7":{"start":{"line":16,"column":23},"end":{"line":21,"column":5}},"8":{"start":{"line":17,"column":23},"end":{"line":17,"column":53}},"9":{"start":{"line":18,"column":28},"end":{"line":18,"column":51}},"10":{"start":{"line":19,"column":24},"end":{"line":19,"column":86}},"11":{"start":{"line":19,"column":55},"end":{"line":19,"column":84}},"12":{"start":{"line":20,"column":6},"end":{"line":20,"column":26}},"13":{"start":{"line":22,"column":4},"end":{"line":22,"column":17}},"14":{"start":{"line":25,"column":32},"end":{"line":32,"column":3}},"15":{"start":{"line":26,"column":23},"end":{"line":26,"column":55}},"16":{"start":{"line":27,"column":4},"end":{"line":31,"column":5}},"17":{"start":{"line":28,"column":6},"end":{"line":28,"column":70}},"18":{"start":{"line":28,"column":54},"end":{"line":28,"column":67}},"19":{"start":{"line":30,"column":6},"end":{"line":30,"column":55}},"20":{"start":{"line":34,"column":26},"end":{"line":43,"column":3}},"21":{"start":{"line":35,"column":4},"end":{"line":42,"column":5}},"22":{"start":{"line":36,"column":6},"end":{"line":38,"column":9}},"23":{"start":{"line":39,"column":6},"end":{"line":39,"column":72}},"24":{"start":{"line":41,"column":6},"end":{"line":41,"column":91}},"25":{"start":{"line":45,"column":26},"end":{"line":69,"column":3}},"26":{"start":{"line":46,"column":4},"end":{"line":68,"column":5}},"27":{"start":{"line":47,"column":23},"end":{"line":52,"column":8}},"28":{"start":{"line":53,"column":22},"end":{"line":53,"column":33}},"29":{"start":{"line":54,"column":6},"end":{"line":54,"column":73}},"30":{"start":{"line":55,"column":6},"end":{"line":55,"column":54}},"31":{"start":{"line":56,"column":6},"end":{"line":56,"column":26}},"32":{"start":{"line":57,"column":6},"end":{"line":57,"column":54}},"33":{"start":{"line":58,"column":6},"end":{"line":58,"column":59}},"34":{"start":{"line":59,"column":6},"end":{"line":59,"column":49}},"35":{"start":{"line":62,"column":6},"end":{"line":62,"column":73}},"36":{"start":{"line":67,"column":6},"end":{"line":67,"column":77}},"37":{"start":{"line":71,"column":2},"end":{"line":78,"column":3}},"38":{"start":{"line":72,"column":4},"end":{"line":77,"column":6}},"39":{"start":{"line":80,"column":2},"end":{"line":101,"column":4}},"40":{"start":{"line":89,"column":32},"end":{"line":89,"column":39}},"41":{"start":{"line":91,"column":10},"end":{"line":93,"column":29}},"42":{"start":{"line":91,"column":43},"end":{"line":91,"column":73}}},"fnMap":{"0":{"name":"(anonymous_0)","decl":{"start":{"line":8,"column":18},"end":{"line":8,"column":19}},"loc":{"start":{"line":8,"column":24},"end":{"line":102,"column":1}},"line":8},"1":{"name":"(anonymous_1)","decl":{"start":{"line":15,"column":12},"end":{"line":15,"column":13}},"loc":{"start":{"line":15,"column":18},"end":{"line":23,"column":3}},"line":15},"2":{"name":"(anonymous_2)","decl":{"start":{"line":16,"column":23},"end":{"line":16,"column":24}},"loc":{"start":{"line":16,"column":35},"end":{"line":21,"column":5}},"line":16},"3":{"name":"(anonymous_3)","decl":{"start":{"line":19,"column":47},"end":{"line":19,"column":48}},"loc":{"start":{"line":19,"column":55},"end":{"line":19,"column":84}},"line":19},"4":{"name":"(anonymous_4)","decl":{"start":{"line":25,"column":32},"end":{"line":25,"column":33}},"loc":{"start":{"line":25,"column":44},"end":{"line":32,"column":3}},"line":25},"5":{"name":"(anonymous_5)","decl":{"start":{"line":28,"column":48},"end":{"line":28,"column":49}},"loc":{"start":{"line":28,"column":54},"end":{"line":28,"column":67}},"line":28},"6":{"name":"(anonymous_6)","decl":{"start":{"line":34,"column":26},"end":{"line":34,"column":27}},"loc":{"start":{"line":34,"column":62},"end":{"line":43,"column":3}},"line":34},"7":{"name":"(anonymous_7)","decl":{"start":{"line":45,"column":26},"end":{"line":45,"column":27}},"loc":{"start":{"line":45,"column":38},"end":{"line":69,"column":3}},"line":45},"8":{"name":"(anonymous_8)","decl":{"start":{"line":89,"column":22},"end":{"line":89,"column":23}},"loc":{"start":{"line":89,"column":32},"end":{"line":89,"column":39}},"line":89},"9":{"name":"(anonymous_9)","decl":{"start":{"line":90,"column":20},"end":{"line":90,"column":21}},"loc":{"start":{"line":91,"column":10},"end":{"line":93,"column":29}},"line":91},"10":{"name":"(anonymous_10)","decl":{"start":{"line":91,"column":37},"end":{"line":91,"column":38}},"loc":{"start":{"line":91,"column":43},"end":{"line":91,"column":73}},"line":91}},"branchMap":{"0":{"loc":{"start":{"line":27,"column":4},"end":{"line":31,"column":5}},"type":"if","locations":[{"start":{"line":27,"column":4},"end":{"line":31,"column":5}},{"start":{"line":29,"column":11},"end":{"line":31,"column":5}}],"line":27},"1":{"loc":{"start":{"line":71,"column":2},"end":{"line":78,"column":3}},"type":"if","locations":[{"start":{"line":71,"column":2},"end":{"line":78,"column":3}},{"start":{},"end":{}}],"line":71}},"s":{"0":0,"1":0,"2":0,"3":0,"4":0,"5":0,"6":0,"7":0,"8":0,"9":0,"10":0,"11":0,"12":0,"13":0,"14":0,"15":0,"16":0,"17":0,"18":0,"19":0,"20":0,"21":0,"22":0,"23":0,"24":0,"25":0,"26":0,"27":0,"28":0,"29":0,"30":0,"31":0,"32":0,"33":0,"34":0,"35":0,"36":0,"37":0,"38":0,"39":0,"40":0,"41":0,"42":0},"f":{"0":0,"1":0,"2":0,"3":0,"4":0,"5":0,"6":0,"7":0,"8":0,"9":0,"10":0},"b":{"0":[0,0],"1":[0,0]}}
,"C:\\Users\\bbs8\\Desktop\\testReactNative\\test-agora\\screens\\GroupChatScreen.js": {"path":"C:\\Users\\bbs8\\Desktop\\testReactNative\\test-agora\\screens\\GroupChatScreen.js","statementMap":{"0":{"start":{"line":10,"column":14},"end":{"line":10,"column":29}},"1":{"start":{"line":11,"column":34},"end":{"line":11,"column":46}},"2":{"start":{"line":12,"column":22},"end":{"line":12,"column":52}},"3":{"start":{"line":14,"column":0},"end":{"line":14,"column":17}},"4":{"start":{"line":16,"column":2},"end":{"line":36,"column":12}},"5":{"start":{"line":17,"column":4},"end":{"line":35,"column":5}},"6":{"start":{"line":18,"column":6},"end":{"line":18,"column":23}},"7":{"start":{"line":19,"column":26},"end":{"line":19,"column":71}},"8":{"start":{"line":20,"column":16},"end":{"line":20,"column":64}},"9":{"start":{"line":21,"column":26},"end":{"line":33,"column":8}},"10":{"start":{"line":22,"column":32},"end":{"line":29,"column":11}},"11":{"start":{"line":22,"column":58},"end":{"line":29,"column":9}},"12":{"start":{"line":30,"column":8},"end":{"line":30,"column":37}},"13":{"start":{"line":32,"column":8},"end":{"line":32,"column":78}},"14":{"start":{"line":34,"column":6},"end":{"line":34,"column":33}},"15":{"start":{"line":34,"column":19},"end":{"line":34,"column":32}},"16":{"start":{"line":38,"column":17},"end":{"line":56,"column":24}},"17":{"start":{"line":39,"column":4},"end":{"line":55,"column":5}},"18":{"start":{"line":40,"column":6},"end":{"line":52,"column":7}},"19":{"start":{"line":41,"column":24},"end":{"line":48,"column":9}},"20":{"start":{"line":49,"column":8},"end":{"line":49,"column":77}},"21":{"start":{"line":51,"column":8},"end":{"line":51,"column":106}},"22":{"start":{"line":54,"column":6},"end":{"line":54,"column":67}},"23":{"start":{"line":61,"column":2},"end":{"line":71,"column":4}}},"fnMap":{"0":{"name":"GroupChatScreen","decl":{"start":{"line":9,"column":24},"end":{"line":9,"column":39}},"loc":{"start":{"line":9,"column":51},"end":{"line":72,"column":1}},"line":9},"1":{"name":"(anonymous_1)","decl":{"start":{"line":16,"column":12},"end":{"line":16,"column":13}},"loc":{"start":{"line":16,"column":18},"end":{"line":36,"column":3}},"line":16},"2":{"name":"(anonymous_2)","decl":{"start":{"line":21,"column":40},"end":{"line":21,"column":41}},"loc":{"start":{"line":21,"column":54},"end":{"line":31,"column":7}},"line":21},"3":{"name":"(anonymous_3)","decl":{"start":{"line":22,"column":50},"end":{"line":22,"column":51}},"loc":{"start":{"line":22,"column":58},"end":{"line":29,"column":9}},"line":22},"4":{"name":"(anonymous_4)","decl":{"start":{"line":31,"column":9},"end":{"line":31,"column":10}},"loc":{"start":{"line":31,"column":20},"end":{"line":33,"column":7}},"line":31},"5":{"name":"(anonymous_5)","decl":{"start":{"line":34,"column":13},"end":{"line":34,"column":14}},"loc":{"start":{"line":34,"column":19},"end":{"line":34,"column":32}},"line":34},"6":{"name":"(anonymous_6)","decl":{"start":{"line":38,"column":29},"end":{"line":38,"column":30}},"loc":{"start":{"line":38,"column":57},"end":{"line":56,"column":3}},"line":38}},"branchMap":{"0":{"loc":{"start":{"line":17,"column":4},"end":{"line":35,"column":5}},"type":"if","locations":[{"start":{"line":17,"column":4},"end":{"line":35,"column":5}},{"start":{},"end":{}}],"line":17},"1":{"loc":{"start":{"line":38,"column":36},"end":{"line":38,"column":52}},"type":"default-arg","locations":[{"start":{"line":38,"column":50},"end":{"line":38,"column":52}}],"line":38},"2":{"loc":{"start":{"line":40,"column":6},"end":{"line":52,"column":7}},"type":"if","locations":[{"start":{"line":40,"column":6},"end":{"line":52,"column":7}},{"start":{"line":50,"column":13},"end":{"line":52,"column":7}}],"line":40},"3":{"loc":{"start":{"line":40,"column":10},"end":{"line":40,"column":54}},"type":"binary-expr","locations":[{"start":{"line":40,"column":10},"end":{"line":40,"column":13}},{"start":{"line":40,"column":17},"end":{"line":40,"column":39}},{"start":{"line":40,"column":43},"end":{"line":40,"column":54}}],"line":40}},"s":{"0":0,"1":0,"2":0,"3":0,"4":0,"5":0,"6":0,"7":0,"8":0,"9":0,"10":0,"11":0,"12":0,"13":0,"14":0,"15":0,"16":0,"17":0,"18":0,"19":0,"20":0,"21":0,"22":0,"23":0},"f":{"0":0,"1":0,"2":0,"3":0,"4":0,"5":0,"6":0},"b":{"0":[0,0],"1":[0],"2":[0,0],"3":[0,0,0]}}
,"C:\\Users\\bbs8\\Desktop\\testReactNative\\test-agora\\screens\\Home.js": {"path":"C:\\Users\\bbs8\\Desktop\\testReactNative\\test-agora\\screens\\Home.js","statementMap":{"0":{"start":{"line":9,"column":26},"end":{"line":9,"column":38}},"1":{"start":{"line":11,"column":21},"end":{"line":15,"column":3}},"2":{"start":{"line":12,"column":4},"end":{"line":14,"column":7}},"3":{"start":{"line":13,"column":6},"end":{"line":13,"column":34}},"4":{"start":{"line":17,"column":2},"end":{"line":20,"column":9}},"5":{"start":{"line":18,"column":24},"end":{"line":18,"column":33}},"6":{"start":{"line":19,"column":4},"end":{"line":19,"column":31}},"7":{"start":{"line":19,"column":17},"end":{"line":19,"column":30}},"8":{"start":{"line":22,"column":18},"end":{"line":49,"column":3}},"9":{"start":{"line":23,"column":26},"end":{"line":23,"column":56}},"10":{"start":{"line":24,"column":22},"end":{"line":24,"column":100}},"11":{"start":{"line":26,"column":28},"end":{"line":26,"column":52}},"12":{"start":{"line":27,"column":23},"end":{"line":27,"column":104}},"13":{"start":{"line":29,"column":28},"end":{"line":35,"column":6}},"14":{"start":{"line":30,"column":21},"end":{"line":30,"column":23}},"15":{"start":{"line":31,"column":6},"end":{"line":33,"column":9}},"16":{"start":{"line":32,"column":8},"end":{"line":32,"column":56}},"17":{"start":{"line":34,"column":6},"end":{"line":34,"column":56}},"18":{"start":{"line":34,"column":28},"end":{"line":34,"column":54}},"19":{"start":{"line":37,"column":30},"end":{"line":43,"column":6}},"20":{"start":{"line":38,"column":22},"end":{"line":38,"column":24}},"21":{"start":{"line":39,"column":6},"end":{"line":41,"column":9}},"22":{"start":{"line":40,"column":8},"end":{"line":40,"column":69}},"23":{"start":{"line":42,"column":6},"end":{"line":42,"column":57}},"24":{"start":{"line":42,"column":28},"end":{"line":42,"column":55}},"25":{"start":{"line":45,"column":4},"end":{"line":48,"column":6}},"26":{"start":{"line":46,"column":6},"end":{"line":46,"column":24}},"27":{"start":{"line":47,"column":6},"end":{"line":47,"column":26}},"28":{"start":{"line":51,"column":21},"end":{"line":82,"column":3}},"29":{"start":{"line":52,"column":4},"end":{"line":81,"column":5}},"30":{"start":{"line":53,"column":6},"end":{"line":66,"column":8}},"31":{"start":{"line":55,"column":25},"end":{"line":55,"column":120}},"32":{"start":{"line":67,"column":11},"end":{"line":81,"column":5}},"33":{"start":{"line":68,"column":6},"end":{"line":80,"column":8}},"34":{"start":{"line":70,"column":25},"end":{"line":70,"column":122}},"35":{"start":{"line":84,"column":2},"end":{"line":108,"column":4}},"36":{"start":{"line":88,"column":39},"end":{"line":88,"column":55}},"37":{"start":{"line":92,"column":32},"end":{"line":92,"column":64}},"38":{"start":{"line":98,"column":32},"end":{"line":98,"column":63}},"39":{"start":{"line":104,"column":43},"end":{"line":104,"column":71}},"40":{"start":{"line":105,"column":45},"end":{"line":105,"column":75}},"41":{"start":{"line":111,"column":15},"end":{"line":140,"column":2}}},"fnMap":{"0":{"name":"Home","decl":{"start":{"line":8,"column":24},"end":{"line":8,"column":28}},"loc":{"start":{"line":8,"column":45},"end":{"line":109,"column":1}},"line":8},"1":{"name":"(anonymous_1)","decl":{"start":{"line":11,"column":21},"end":{"line":11,"column":22}},"loc":{"start":{"line":11,"column":33},"end":{"line":15,"column":3}},"line":11},"2":{"name":"(anonymous_2)","decl":{"start":{"line":12,"column":34},"end":{"line":12,"column":35}},"loc":{"start":{"line":12,"column":40},"end":{"line":14,"column":5}},"line":12},"3":{"name":"(anonymous_3)","decl":{"start":{"line":17,"column":12},"end":{"line":17,"column":13}},"loc":{"start":{"line":17,"column":18},"end":{"line":20,"column":3}},"line":17},"4":{"name":"(anonymous_4)","decl":{"start":{"line":19,"column":11},"end":{"line":19,"column":12}},"loc":{"start":{"line":19,"column":17},"end":{"line":19,"column":30}},"line":19},"5":{"name":"(anonymous_5)","decl":{"start":{"line":22,"column":18},"end":{"line":22,"column":19}},"loc":{"start":{"line":22,"column":24},"end":{"line":49,"column":3}},"line":22},"6":{"name":"(anonymous_6)","decl":{"start":{"line":29,"column":50},"end":{"line":29,"column":51}},"loc":{"start":{"line":29,"column":62},"end":{"line":35,"column":5}},"line":29},"7":{"name":"(anonymous_7)","decl":{"start":{"line":31,"column":26},"end":{"line":31,"column":27}},"loc":{"start":{"line":31,"column":36},"end":{"line":33,"column":7}},"line":31},"8":{"name":"(anonymous_8)","decl":{"start":{"line":34,"column":14},"end":{"line":34,"column":15}},"loc":{"start":{"line":34,"column":28},"end":{"line":34,"column":54}},"line":34},"9":{"name":"(anonymous_9)","decl":{"start":{"line":37,"column":53},"end":{"line":37,"column":54}},"loc":{"start":{"line":37,"column":72},"end":{"line":43,"column":5}},"line":37},"10":{"name":"(anonymous_10)","decl":{"start":{"line":39,"column":28},"end":{"line":39,"column":29}},"loc":{"start":{"line":39,"column":37},"end":{"line":41,"column":7}},"line":39},"11":{"name":"(anonymous_11)","decl":{"start":{"line":42,"column":14},"end":{"line":42,"column":15}},"loc":{"start":{"line":42,"column":28},"end":{"line":42,"column":55}},"line":42},"12":{"name":"(anonymous_12)","decl":{"start":{"line":45,"column":11},"end":{"line":45,"column":12}},"loc":{"start":{"line":45,"column":17},"end":{"line":48,"column":5}},"line":45},"13":{"name":"(anonymous_13)","decl":{"start":{"line":51,"column":21},"end":{"line":51,"column":22}},"loc":{"start":{"line":51,"column":35},"end":{"line":82,"column":3}},"line":51},"14":{"name":"(anonymous_14)","decl":{"start":{"line":55,"column":19},"end":{"line":55,"column":20}},"loc":{"start":{"line":55,"column":25},"end":{"line":55,"column":120}},"line":55},"15":{"name":"(anonymous_15)","decl":{"start":{"line":70,"column":19},"end":{"line":70,"column":20}},"loc":{"start":{"line":70,"column":25},"end":{"line":70,"column":122}},"line":70},"16":{"name":"(anonymous_16)","decl":{"start":{"line":88,"column":22},"end":{"line":88,"column":23}},"loc":{"start":{"line":88,"column":39},"end":{"line":88,"column":55}},"line":88},"17":{"name":"(anonymous_17)","decl":{"start":{"line":92,"column":26},"end":{"line":92,"column":27}},"loc":{"start":{"line":92,"column":32},"end":{"line":92,"column":64}},"line":92},"18":{"name":"(anonymous_18)","decl":{"start":{"line":98,"column":26},"end":{"line":98,"column":27}},"loc":{"start":{"line":98,"column":32},"end":{"line":98,"column":63}},"line":98},"19":{"name":"(anonymous_19)","decl":{"start":{"line":104,"column":37},"end":{"line":104,"column":38}},"loc":{"start":{"line":104,"column":43},"end":{"line":104,"column":71}},"line":104},"20":{"name":"(anonymous_20)","decl":{"start":{"line":105,"column":39},"end":{"line":105,"column":40}},"loc":{"start":{"line":105,"column":45},"end":{"line":105,"column":75}},"line":105}},"branchMap":{"0":{"loc":{"start":{"line":52,"column":4},"end":{"line":81,"column":5}},"type":"if","locations":[{"start":{"line":52,"column":4},"end":{"line":81,"column":5}},{"start":{"line":67,"column":11},"end":{"line":81,"column":5}}],"line":52},"1":{"loc":{"start":{"line":67,"column":11},"end":{"line":81,"column":5}},"type":"if","locations":[{"start":{"line":67,"column":11},"end":{"line":81,"column":5}},{"start":{},"end":{}}],"line":67}},"s":{"0":0,"1":0,"2":0,"3":0,"4":0,"5":0,"6":0,"7":0,"8":0,"9":0,"10":0,"11":0,"12":0,"13":0,"14":0,"15":0,"16":0,"17":0,"18":0,"19":0,"20":0,"21":0,"22":0,"23":0,"24":0,"25":0,"26":0,"27":0,"28":0,"29":0,"30":0,"31":0,"32":0,"33":0,"34":0,"35":0,"36":0,"37":0,"38":0,"39":0,"40":0,"41":0},"f":{"0":0,"1":0,"2":0,"3":0,"4":0,"5":0,"6":0,"7":0,"8":0,"9":0,"10":0,"11":0,"12":0,"13":0,"14":0,"15":0,"16":0,"17":0,"18":0,"19":0,"20":0},"b":{"0":[0,0],"1":[0,0]}}
,"C:\\Users\\bbs8\\Desktop\\testReactNative\\test-agora\\screens\\PhotoOrGallery.js": {"path":"C:\\Users\\bbs8\\Desktop\\testReactNative\\test-agora\\screens\\PhotoOrGallery.js","statementMap":{"0":{"start":{"line":14,"column":28},"end":{"line":14,"column":42}},"1":{"start":{"line":16,"column":20},"end":{"line":28,"column":3}},"2":{"start":{"line":17,"column":17},"end":{"line":23,"column":6}},"3":{"start":{"line":25,"column":4},"end":{"line":27,"column":5}},"4":{"start":{"line":26,"column":6},"end":{"line":26,"column":37}},"5":{"start":{"line":30,"column":20},"end":{"line":40,"column":3}},"6":{"start":{"line":31,"column":17},"end":{"line":35,"column":6}},"7":{"start":{"line":37,"column":4},"end":{"line":39,"column":5}},"8":{"start":{"line":38,"column":6},"end":{"line":38,"column":37}},"9":{"start":{"line":42,"column":31},"end":{"line":62,"column":1}},"10":{"start":{"line":43,"column":2},"end":{"line":61,"column":4}},"11":{"start":{"line":65,"column":2},"end":{"line":83,"column":4}},"12":{"start":{"line":86,"column":15},"end":{"line":104,"column":2}}},"fnMap":{"0":{"name":"PhotoOrGallery","decl":{"start":{"line":13,"column":24},"end":{"line":13,"column":38}},"loc":{"start":{"line":13,"column":41},"end":{"line":84,"column":1}},"line":13},"1":{"name":"(anonymous_1)","decl":{"start":{"line":16,"column":20},"end":{"line":16,"column":21}},"loc":{"start":{"line":16,"column":32},"end":{"line":28,"column":3}},"line":16},"2":{"name":"(anonymous_2)","decl":{"start":{"line":30,"column":20},"end":{"line":30,"column":21}},"loc":{"start":{"line":30,"column":32},"end":{"line":40,"column":3}},"line":30},"3":{"name":"(anonymous_3)","decl":{"start":{"line":42,"column":31},"end":{"line":42,"column":32}},"loc":{"start":{"line":42,"column":37},"end":{"line":62,"column":1}},"line":42},"4":{"name":"(anonymous_4)","decl":{"start":{"line":57,"column":17},"end":{"line":57,"column":18}},"loc":{"start":{"line":57,"column":23},"end":{"line":57,"column":25}},"line":57}},"branchMap":{"0":{"loc":{"start":{"line":25,"column":4},"end":{"line":27,"column":5}},"type":"if","locations":[{"start":{"line":25,"column":4},"end":{"line":27,"column":5}},{"start":{},"end":{}}],"line":25},"1":{"loc":{"start":{"line":37,"column":4},"end":{"line":39,"column":5}},"type":"if","locations":[{"start":{"line":37,"column":4},"end":{"line":39,"column":5}},{"start":{},"end":{}}],"line":37},"2":{"loc":{"start":{"line":69,"column":7},"end":{"line":75,"column":7}},"type":"binary-expr","locations":[{"start":{"line":69,"column":7},"end":{"line":69,"column":13}},{"start":{"line":70,"column":8},"end":{"line":74,"column":27}}],"line":69},"3":{"loc":{"start":{"line":77,"column":7},"end":{"line":81,"column":7}},"type":"binary-expr","locations":[{"start":{"line":77,"column":7},"end":{"line":77,"column":12}},{"start":{"line":78,"column":8},"end":{"line":80,"column":27}}],"line":77}},"s":{"0":0,"1":0,"2":0,"3":0,"4":0,"5":0,"6":0,"7":0,"8":0,"9":0,"10":0,"11":0,"12":0},"f":{"0":0,"1":0,"2":0,"3":0,"4":0},"b":{"0":[0,0],"1":[0,0],"2":[0,0],"3":[0,0]}}
,"C:\\Users\\bbs8\\Desktop\\testReactNative\\test-agora\\screens\\TakeVideo.js": {"path":"C:\\Users\\bbs8\\Desktop\\testReactNative\\test-agora\\screens\\TakeVideo.js","statementMap":{"0":{"start":{"line":8,"column":34},"end":{"line":8,"column":48}},"1":{"start":{"line":10,"column":16},"end":{"line":10,"column":28}},"2":{"start":{"line":12,"column":30},"end":{"line":12,"column":42}},"3":{"start":{"line":14,"column":24},"end":{"line":35,"column":3}},"4":{"start":{"line":16,"column":29},"end":{"line":16,"column":78}},"5":{"start":{"line":17,"column":4},"end":{"line":20,"column":5}},"6":{"start":{"line":18,"column":6},"end":{"line":18,"column":71}},"7":{"start":{"line":19,"column":6},"end":{"line":19,"column":13}},"8":{"start":{"line":23,"column":19},"end":{"line":27,"column":6}},"9":{"start":{"line":29,"column":4},"end":{"line":29,"column":48}},"10":{"start":{"line":32,"column":4},"end":{"line":34,"column":5}},"11":{"start":{"line":33,"column":6},"end":{"line":33,"column":30}},"12":{"start":{"line":37,"column":26},"end":{"line":43,"column":3}},"13":{"start":{"line":38,"column":4},"end":{"line":42,"column":5}},"14":{"start":{"line":39,"column":6},"end":{"line":39,"column":80}},"15":{"start":{"line":41,"column":6},"end":{"line":41,"column":71}},"16":{"start":{"line":45,"column":2},"end":{"line":71,"column":4}},"17":{"start":{"line":60,"column":44},"end":{"line":60,"column":61}}},"fnMap":{"0":{"name":"TakeVideo","decl":{"start":{"line":6,"column":24},"end":{"line":6,"column":33}},"loc":{"start":{"line":6,"column":36},"end":{"line":72,"column":1}},"line":6},"1":{"name":"(anonymous_1)","decl":{"start":{"line":14,"column":24},"end":{"line":14,"column":25}},"loc":{"start":{"line":14,"column":36},"end":{"line":35,"column":3}},"line":14},"2":{"name":"(anonymous_2)","decl":{"start":{"line":37,"column":26},"end":{"line":37,"column":27}},"loc":{"start":{"line":37,"column":32},"end":{"line":43,"column":3}},"line":37},"3":{"name":"(anonymous_3)","decl":{"start":{"line":60,"column":34},"end":{"line":60,"column":35}},"loc":{"start":{"line":60,"column":44},"end":{"line":60,"column":61}},"line":60}},"branchMap":{"0":{"loc":{"start":{"line":17,"column":4},"end":{"line":20,"column":5}},"type":"if","locations":[{"start":{"line":17,"column":4},"end":{"line":20,"column":5}},{"start":{},"end":{}}],"line":17},"1":{"loc":{"start":{"line":32,"column":4},"end":{"line":34,"column":5}},"type":"if","locations":[{"start":{"line":32,"column":4},"end":{"line":34,"column":5}},{"start":{},"end":{}}],"line":32},"2":{"loc":{"start":{"line":38,"column":4},"end":{"line":42,"column":5}},"type":"if","locations":[{"start":{"line":38,"column":4},"end":{"line":42,"column":5}},{"start":{"line":40,"column":11},"end":{"line":42,"column":5}}],"line":38},"3":{"loc":{"start":{"line":38,"column":8},"end":{"line":38,"column":70}},"type":"binary-expr","locations":[{"start":{"line":38,"column":8},"end":{"line":38,"column":21}},{"start":{"line":38,"column":25},"end":{"line":38,"column":40}},{"start":{"line":38,"column":44},"end":{"line":38,"column":70}}],"line":38},"4":{"loc":{"start":{"line":39,"column":6},"end":{"line":39,"column":79}},"type":"cond-expr","locations":[{"start":{"line":39,"column":25},"end":{"line":39,"column":51}},{"start":{"line":39,"column":54},"end":{"line":39,"column":79}}],"line":39},"5":{"loc":{"start":{"line":50,"column":7},"end":{"line":62,"column":7}},"type":"binary-expr","locations":[{"start":{"line":50,"column":7},"end":{"line":50,"column":15}},{"start":{"line":51,"column":8},"end":{"line":61,"column":10}}],"line":50},"6":{"loc":{"start":{"line":66,"column":17},"end":{"line":66,"column":52}},"type":"cond-expr","locations":[{"start":{"line":66,"column":36},"end":{"line":66,"column":43}},{"start":{"line":66,"column":46},"end":{"line":66,"column":52}}],"line":66}},"s":{"0":0,"1":0,"2":0,"3":0,"4":0,"5":0,"6":0,"7":0,"8":0,"9":0,"10":0,"11":0,"12":0,"13":0,"14":0,"15":0,"16":0,"17":0},"f":{"0":0,"1":0,"2":0,"3":0},"b":{"0":[0,0],"1":[0,0],"2":[0,0],"3":[0,0,0],"4":[0,0],"5":[0,0],"6":[0,0]}}
,"C:\\Users\\bbs8\\Desktop\\testReactNative\\test-agora\\screens\\UploadMediaFile.js": {"path":"C:\\Users\\bbs8\\Desktop\\testReactNative\\test-agora\\screens\\UploadMediaFile.js","statementMap":{"0":{"start":{"line":8,"column":28},"end":{"line":8,"column":42}},"1":{"start":{"line":10,"column":20},"end":{"line":24,"column":3}},"2":{"start":{"line":12,"column":17},"end":{"line":17,"column":6}},"3":{"start":{"line":19,"column":4},"end":{"line":19,"column":49}},"4":{"start":{"line":21,"column":4},"end":{"line":23,"column":5}},"5":{"start":{"line":22,"column":6},"end":{"line":22,"column":37}},"6":{"start":{"line":26,"column":22},"end":{"line":56,"column":3}},"7":{"start":{"line":27,"column":4},"end":{"line":55,"column":5}},"8":{"start":{"line":29,"column":6},"end":{"line":32,"column":7}},"9":{"start":{"line":30,"column":8},"end":{"line":30,"column":49}},"10":{"start":{"line":31,"column":8},"end":{"line":31,"column":15}},"11":{"start":{"line":35,"column":23},"end":{"line":35,"column":66}},"12":{"start":{"line":38,"column":25},"end":{"line":38,"column":47}},"13":{"start":{"line":41,"column":23},"end":{"line":41,"column":41}},"14":{"start":{"line":42,"column":19},"end":{"line":42,"column":40}},"15":{"start":{"line":45,"column":6},"end":{"line":45,"column":42}},"16":{"start":{"line":48,"column":6},"end":{"line":48,"column":73}},"17":{"start":{"line":51,"column":6},"end":{"line":51,"column":21}},"18":{"start":{"line":54,"column":6},"end":{"line":54,"column":96}},"19":{"start":{"line":58,"column":2},"end":{"line":64,"column":4}}},"fnMap":{"0":{"name":"UploadMediaFile","decl":{"start":{"line":7,"column":24},"end":{"line":7,"column":39}},"loc":{"start":{"line":7,"column":42},"end":{"line":65,"column":1}},"line":7},"1":{"name":"(anonymous_1)","decl":{"start":{"line":10,"column":20},"end":{"line":10,"column":21}},"loc":{"start":{"line":10,"column":32},"end":{"line":24,"column":3}},"line":10},"2":{"name":"(anonymous_2)","decl":{"start":{"line":26,"column":22},"end":{"line":26,"column":23}},"loc":{"start":{"line":26,"column":34},"end":{"line":56,"column":3}},"line":26}},"branchMap":{"0":{"loc":{"start":{"line":21,"column":4},"end":{"line":23,"column":5}},"type":"if","locations":[{"start":{"line":21,"column":4},"end":{"line":23,"column":5}},{"start":{},"end":{}}],"line":21},"1":{"loc":{"start":{"line":29,"column":6},"end":{"line":32,"column":7}},"type":"if","locations":[{"start":{"line":29,"column":6},"end":{"line":32,"column":7}},{"start":{},"end":{}}],"line":29},"2":{"loc":{"start":{"line":61,"column":7},"end":{"line":61,"column":85}},"type":"binary-expr","locations":[{"start":{"line":61,"column":7},"end":{"line":61,"column":12}},{"start":{"line":61,"column":16},"end":{"line":61,"column":85}}],"line":61}},"s":{"0":0,"1":0,"2":0,"3":0,"4":0,"5":0,"6":0,"7":0,"8":0,"9":0,"10":0,"11":0,"12":0,"13":0,"14":0,"15":0,"16":0,"17":0,"18":0,"19":0},"f":{"0":0,"1":0,"2":0},"b":{"0":[0,0],"1":[0,0],"2":[0,0]}}
,"C:\\Users\\bbs8\\Desktop\\testReactNative\\test-agora\\screens\\testIDs.js": {"path":"C:\\Users\\bbs8\\Desktop\\testReactNative\\test-agora\\screens\\testIDs.js","statementMap":{},"fnMap":{},"branchMap":{},"s":{},"f":{},"b":{}}
[...]
lumn":20},"end":{"line":77,"column":57}},"25":{"start":{"line":79,"column":19},"end":{"line":79,"column":52}},"26":{"start":{"line":80,"column":26},"end":{"line":82,"column":5}},"27":{"start":{"line":81,"column":18},"end":{"line":81,"column":74}},"28":{"start":{"line":83,"column":23},"end":{"line":83,"column":55}},"29":{"start":{"line":84,"column":24},"end":{"line":95,"column":5}},"30":{"start":{"line":96,"column":22},"end":{"line":96,"column":66}},"31":{"start":{"line":97,"column":4},"end":{"line":97,"column":30}},"32":{"start":{"line":101,"column":19},"end":{"line":155,"column":3}},"33":{"start":{"line":102,"column":20},"end":{"line":102,"column":39}},"34":{"start":{"line":103,"column":25},"end":{"line":103,"column":46}},"35":{"start":{"line":105,"column":4},"end":{"line":105,"column":37}},"36":{"start":{"line":105,"column":30},"end":{"line":105,"column":37}},"37":{"start":{"line":106,"column":20},"end":{"line":106,"column":56}},"38":{"start":{"line":107,"column":4},"end":{"line":109,"column":7}},"39":{"start":{"line":108,"column":6},"end":{"line":108,"column":43}},"40":{"start":{"line":111,"column":39},"end":{"line":111,"column":78}},"41":{"start":{"line":112,"column":39},"end":{"line":112,"column":78}},"42":{"start":{"line":114,"column":4},"end":{"line":120,"column":7}},"43":{"start":{"line":115,"column":6},"end":{"line":118,"column":7}},"44":{"start":{"line":116,"column":8},"end":{"line":116,"column":44}},"45":{"start":{"line":117,"column":8},"end":{"line":117,"column":15}},"46":{"start":{"line":119,"column":6},"end":{"line":119,"column":63}},"47":{"start":{"line":122,"column":4},"end":{"line":128,"column":6}},"48":{"start":{"line":123,"column":24},"end":{"line":123,"column":41}},"49":{"start":{"line":124,"column":6},"end":{"line":126,"column":9}},"50":{"start":{"line":125,"column":8},"end":{"line":125,"column":34}},"51":{"start":{"line":127,"column":6},"end":{"line":127,"column":33}},"52":{"start":{"line":130,"column":18},"end":{"line":130,"column":43}},"53":{"start":{"line":131,"column":4},"end":{"line":131,"column":73}},"54":{"start":{"line":133,"column":19},"end":{"line":133,"column":47}},"55":{"start":{"line":134,"column":4},"end":{"line":134,"column":46}},"56":{"start":{"line":136,"column":4},"end":{"line":136,"column":75}},"57":{"start":{"line":138,"column":4},"end":{"line":145,"column":7}},"58":{"start":{"line":139,"column":6},"end":{"line":144,"column":9}},"59":{"start":{"line":140,"column":8},"end":{"line":143,"column":9}},"60":{"start":{"line":141,"column":21},"end":{"line":141,"column":38}},"61":{"start":{"line":142,"column":10},"end":{"line":142,"column":61}},"62":{"start":{"line":147,"column":4},"end":{"line":152,"column":7}},"63":{"start":{"line":148,"column":19},"end":{"line":148,"column":29}},"64":{"start":{"line":149,"column":6},"end":{"line":151,"column":7}},"65":{"start":{"line":150,"column":8},"end":{"line":150,"column":32}},"66":{"start":{"line":154,"column":4},"end":{"line":154,"column":30}},"67":{"start":{"line":157,"column":23},"end":{"line":159,"column":3}},"68":{"start":{"line":158,"column":4},"end":{"line":158,"column":75}},"69":{"start":{"line":158,"column":52},"end":{"line":158,"column":73}},"70":{"start":{"line":162,"column":21},"end":{"line":170,"column":3}},"71":{"start":{"line":163,"column":4},"end":{"line":165,"column":5}},"72":{"start":{"line":164,"column":6},"end":{"line":164,"column":13}},"73":{"start":{"line":166,"column":4},"end":{"line":169,"column":7}},"74":{"start":{"line":167,"column":6},"end":{"line":167,"column":37}},"75":{"start":{"line":168,"column":6},"end":{"line":168,"column":33}},"76":{"start":{"line":172,"column":23},"end":{"line":177,"column":3}},"77":{"start":{"line":173,"column":4},"end":{"line":176,"column":7}},"78":{"start":{"line":174,"column":6},"end":{"line":174,"column":37}},"79":{"start":{"line":175,"column":6},"end":{"line":175,"column":29}},"80":{"start":{"line":179,"column":2},"end":{"line":202,"column":4}}},"fnMap":{"0":{"name":"JoinScreen","decl":{"start":{"line":35,"column":24},"end":{"line":35,"column":34}},"loc":{"start":{"line":35,"column":67},"end":{"line":203,"column":1}},"line":35},"1":{"name":"(anonymous_1)","decl":{"start":{"line":44,"column":12},"end":{"line":44,"column":13}},"loc":{"start":{"line":44,"column":18},"end":{"line":46,"column":3}},"line":44},"2":{"name":"(anonymous_2)","decl":{"start":{"line":47,"column":12},"end":{"line":47,"column":13}},"loc":{"start":{"line":47,"column":18},"end":{"line":51,"column":3}},"line":47},"3":{"name":"endCall","decl":{"start":{"line":54,"column":17},"end":{"line":54,"column":24}},"loc":{"start":{"line":54,"column":27},"end":{"line":71,"column":3}},"line":54},"4":{"name":"(anonymous_4)","decl":{"start":{"line":57,"column":22},"end":{"line":57,"column":23}},"loc":{"start":{"line":57,"column":34},"end":{"line":59,"column":7}},"line":57},"5":{"name":"(anonymous_5)","decl":{"start":{"line":74,"column":27},"end":{"line":74,"column":28}},"loc":{"start":{"line":74,"column":39},"end":{"line":98,"column":3}},"line":74},"6":{"name":"(anonymous_6)","decl":{"start":{"line":81,"column":6},"end":{"line":81,"column":7}},"loc":{"start":{"line":81,"column":18},"end":{"line":81,"column":74}},"line":81},"7":{"name":"(anonymous_7)","decl":{"start":{"line":101,"column":19},"end":{"line":101,"column":20}},"loc":{"start":{"line":101,"column":33},"end":{"line":155,"column":3}},"line":101},"8":{"name":"(anonymous_8)","decl":{"start":{"line":107,"column":36},"end":{"line":107,"column":37}},"loc":{"start":{"line":107,"column":47},"end":{"line":109,"column":5}},"line":107},"9":{"name":"(anonymous_9)","decl":{"start":{"line":114,"column":45},"end":{"line":114,"column":46}},"loc":{"start":{"line":114,"column":52},"end":{"line":120,"column":5}},"line":114},"10":{"name":"(anonymous_10)","decl":{"start":{"line":122,"column":22},"end":{"line":122,"column":23}},"loc":{"start":{"line":122,"column":29},"end":{"line":128,"column":5}},"line":122},"11":{"name":"(anonymous_11)","decl":{"start":{"line":124,"column":39},"end":{"line":124,"column":40}},"loc":{"start":{"line":124,"column":50},"end":{"line":126,"column":7}},"line":124},"12":{"name":"(anonymous_12)","decl":{"start":{"line":138,"column":43},"end":{"line":138,"column":44}},"loc":{"start":{"line":138,"column":57},"end":{"line":145,"column":5}},"line":138},"13":{"name":"(anonymous_13)","decl":{"start":{"line":139,"column":36},"end":{"line":139,"column":37}},"loc":{"start":{"line":139,"column":48},"end":{"line":144,"column":7}},"line":139},"14":{"name":"(anonymous_14)","decl":{"start":{"line":147,"column":24},"end":{"line":147,"column":25}},"loc":{"start":{"line":147,"column":33},"end":{"line":152,"column":5}},"line":147},"15":{"name":"(anonymous_15)","decl":{"start":{"line":157,"column":23},"end":{"line":157,"column":24}},"loc":{"start":{"line":157,"column":29},"end":{"line":159,"column":3}},"line":157},"16":{"name":"(anonymous_16)","decl":{"start":{"line":158,"column":41},"end":{"line":158,"column":42}},"loc":{"start":{"line":158,"column":52},"end":{"line":158,"column":73}},"line":158},"17":{"name":"(anonymous_17)","decl":{"start":{"line":162,"column":21},"end":{"line":162,"column":22}},"loc":{"start":{"line":162,"column":27},"end":{"line":170,"column":3}},"line":162},"18":{"name":"(anonymous_18)","decl":{"start":{"line":166,"column":41},"end":{"line":166,"column":42}},"loc":{"start":{"line":166,"column":52},"end":{"line":169,"column":5}},"line":166},"19":{"name":"(anonymous_19)","decl":{"start":{"line":172,"column":23},"end":{"line":172,"column":24}},"loc":{"start":{"line":172,"column":29},"end":{"line":177,"column":3}},"line":172},"20":{"name":"(anonymous_20)","decl":{"start":{"line":173,"column":41},"end":{"line":173,"column":42}},"loc":{"start":{"line":173,"column":52},"end":{"line":176,"column":5}},"line":173}},"branchMap":{"0":{"loc":{"start":{"line":48,"column":4},"end":{"line":50,"column":5}},"type":"if","locations":[{"start":{"line":48,"column":4},"end":{"line":50,"column":5}},{"start":{},"end":{}}],"line":48},"1":{"loc":{"start":{"line":55,"column":4},"end":{"line":61,"column":5}},"type":"if","locations":[{"start":{"line":55,"column":4},"end":{"line":61,"column":5}},{"start":{},"end":{}}],"line":55},"2":{"loc":{"start":{"line":79,"column":19},"end":{"line":79,"column":52}},"type":"cond-expr","locations":[{"start":{"line":79,"column":29},"end":{"line":79,"column":36}},{"start":{"line":79,"column":39},"end":{"line":79,"column":52}}],"line":79},"3":{"loc":{"start":{"line":81,"column":18},"end":{"line":81,"column":74}},"type":"binary-expr","locations":[{"start":{"line":81,"column":18},"end":{"line":81,"column":46}},{"start":{"line":81,"column":50},"end":{"line":81,"column":74}}],"line":81},"4":{"loc":{"start":{"line":83,"column":23},"end":{"line":83,"column":55}},"type":"cond-expr","locations":[{"start":{"line":83,"column":33},"end":{"line":83,"column":39}},{"start":{"line":83,"column":42},"end":{"line":83,"column":55}}],"line":83},"5":{"loc":{"start":{"line":93,"column":18},"end":{"line":93,"column":68}},"type":"cond-expr","locations":[{"start":{"line":93,"column":34},"end":{"line":93,"column":63}},{"start":{"line":93,"column":66},"end":{"line":93,"column":68}}],"line":93},"6":{"loc":{"start":{"line":105,"column":4},"end":{"line":105,"column":37}},"type":"if","locations":[{"start":{"line":105,"column":4},"end":{"line":105,"column":37}},{"start":{},"end":{}}],"line":105},"7":{"loc":{"start":{"line":115,"column":6},"end":{"line":118,"column":7}},"type":"if","locations":[{"start":{"line":115,"column":6},"end":{"line":118,"column":7}},{"start":{},"end":{}}],"line":115},"8":{"loc":{"start":{"line":140,"column":8},"end":{"line":143,"column":9}},"type":"if","locations":[{"start":{"line":140,"column":8},"end":{"line":143,"column":9}},{"start":{},"end":{}}],"line":140},"9":{"loc":{"start":{"line":149,"column":6},"end":{"line":151,"column":7}},"type":"if","locations":[{"start":{"line":149,"column":6},"end":{"line":151,"column":7}},{"start":{},"end":{}}],"line":149},"10":{"loc":{"start":{"line":163,"column":4},"end":{"line":165,"column":5}},"type":"if","locations":[{"start":{"line":163,"column":4},"end":{"line":165,"column":5}},{"start":{},"end":{}}],"line":163},"11":{"loc":{"start":{"line":183,"column":19},"end":{"line":183,"column":55}},"type":"binary-expr","locations":[{"start":{"line":183,"column":19},"end":{"line":183,"column":31}},{"start":{"line":183,"column":35},"end":{"line":183,"column":55}}],"line":183},"12":{"loc":{"start":{"line":187,"column":7},"end":{"line":192,"column":7}},"type":"binary-expr","locations":[{"start":{"line":187,"column":7},"end":{"line":187,"column":19}},{"start":{"line":187,"column":23},"end":{"line":187,"column":32}},{"start":{"line":188,"column":8},"end":{"line":191,"column":10}}],"line":187},"13":{"loc":{"start":{"line":190,"column":21},"end":{"line":190,"column":55}},"type":"binary-expr","locations":[{"start":{"line":190,"column":21},"end":{"line":190,"column":32}},{"start":{"line":190,"column":36},"end":{"line":190,"column":55}}],"line":190}},"s":{"0":0,"1":0,"2":0,"3":0,"4":0,"5":0,"6":0,"7":0,"8":0,"9":0,"10":0,"11":0,"12":0,"13":0,"14":0,"15":0,"16":0,"17":0,"18":0,"19":0,"20":0,"21":0,"22":0,"23":0,"24":0,"25":0,"26":0,"27":0,"28":0,"29":0,"30":0,"31":0,"32":0,"33":0,"34":0,"35":0,"36":0,"37":0,"38":0,"39":0,"40":0,"41":0,"42":0,"43":0,"44":0,"45":0,"46":0,"47":0,"48":0,"49":0,"50":0,"51":0,"52":0,"53":0,"54":0,"55":0,"56":0,"57":0,"58":0,"59":0,"60":0,"61":0,"62":0,"63":0,"64":0,"65":0,"66":0,"67":0,"68":0,"69":0,"70":0,"71":0,"72":0,"73":0,"74":0,"75":0,"76":0,"77":0,"78":0,"79":0,"80":0},"f":{"0":0,"1":0,"2":0,"3":0,"4":0,"5":0,"6":0,"7":0,"8":0,"9":0,"10":0,"11":0,"12":0,"13":0,"14":0,"15":0,"16":0,"17":0,"18":0,"19":0,"20":0},"b":{"0":[0,0],"1":[0,0],"2":[0,0],"3":[0,0],"4":[0,0],"5":[0,0],"6":[0,0],"7":[0,0],"8":[0,0],"9":[0,0],"10":[0,0],"11":[0,0],"12":[0,0,0],"13":[0,0]}}
,"C:\\Users\\bbs8\\Desktop\\testReactNative\\test-agora\\screens\\videoCall\\RoomScreen.js": {"path":"C:\\Users\\bbs8\\Desktop\\testReactNative\\test-agora\\screens\\videoCall\\RoomScreen.js","statementMap":{"0":{"start":{"line":18,"column":23},"end":{"line":22,"column":3}},"1":{"start":{"line":19,"column":4},"end":{"line":21,"column":5}},"2":{"start":{"line":20,"column":6},"end":{"line":20,"column":24}},"3":{"start":{"line":25,"column":2},"end":{"line":36,"column":9}},"4":{"start":{"line":26,"column":29},"end":{"line":34,"column":5}},"5":{"start":{"line":27,"column":25},"end":{"line":27,"column":53}},"6":{"start":{"line":28,"column":19},"end":{"line":28,"column":21}},"7":{"start":{"line":29,"column":6},"end":{"line":32,"column":7}},"8":{"start":{"line":29,"column":19},"end":{"line":29,"column":20}},"9":{"start":{"line":30,"column":28},"end":{"line":30,"column":73}},"10":{"start":{"line":31,"column":8},"end":{"line":31,"column":49}},"11":{"start":{"line":33,"column":6},"end":{"line":33,"column":31}},"12":{"start":{"line":35,"column":4},"end":{"line":35,"column":23}},"13":{"start":{"line":39,"column":23},"end":{"line":56,"column":3}},"14":{"start":{"line":40,"column":4},"end":{"line":55,"column":5}},"15":{"start":{"line":41,"column":22},"end":{"line":41,"column":45}},"16":{"start":{"line":42,"column":27},"end":{"line":42,"column":48}},"17":{"start":{"line":46,"column":6},"end":{"line":52,"column":7}},"18":{"start":{"line":48,"column":8},"end":{"line":48,"column":70}},"19":{"start":{"line":49,"column":8},"end":{"line":49,"column":15}},"20":{"start":{"line":51,"column":8},"end":{"line":51,"column":35}},"21":{"start":{"line":54,"column":6},"end":{"line":54,"column":46}},"22":{"start":{"line":58,"column":2},"end":{"line":85,"column":4}},"23":{"start":{"line":69,"column":25},"end":{"line":69,"column":51}},"24":{"start":{"line":77,"column":25},"end":{"line":77,"column":39}}},"fnMap":{"0":{"name":"RoomScreen","decl":{"start":{"line":17,"column":24},"end":{"line":17,"column":34}},"loc":{"start":{"line":17,"column":78},"end":{"line":86,"column":1}},"line":17},"1":{"name":"(anonymous_1)","decl":{"start":{"line":18,"column":23},"end":{"line":18,"column":24}},"loc":{"start":{"line":18,"column":35},"end":{"line":22,"column":3}},"line":18},"2":{"name":"(anonymous_2)","decl":{"start":{"line":25,"column":12},"end":{"line":25,"column":13}},"loc":{"start":{"line":25,"column":18},"end":{"line":36,"column":3}},"line":25},"3":{"name":"(anonymous_3)","decl":{"start":{"line":26,"column":29},"end":{"line":26,"column":30}},"loc":{"start":{"line":26,"column":35},"end":{"line":34,"column":5}},"line":26},"4":{"name":"(anonymous_4)","decl":{"start":{"line":39,"column":23},"end":{"line":39,"column":24}},"loc":{"start":{"line":39,"column":35},"end":{"line":56,"column":3}},"line":39},"5":{"name":"(anonymous_5)","decl":{"start":{"line":69,"column":19},"end":{"line":69,"column":20}},"loc":{"start":{"line":69,"column":25},"end":{"line":69,"column":51}},"line":69},"6":{"name":"(anonymous_6)","decl":{"start":{"line":77,"column":19},"end":{"line":77,"column":20}},"loc":{"start":{"line":77,"column":25},"end":{"line":77,"column":39}},"line":77}},"branchMap":{"0":{"loc":{"start":{"line":19,"column":4},"end":{"line":21,"column":5}},"type":"if","locations":[{"start":{"line":19,"column":4},"end":{"line":21,"column":5}},{"start":{},"end":{}}],"line":19},"1":{"loc":{"start":{"line":40,"column":4},"end":{"line":55,"column":5}},"type":"if","locations":[{"start":{"line":40,"column":4},"end":{"line":55,"column":5}},{"start":{"line":53,"column":11},"end":{"line":55,"column":5}}],"line":40},"2":{"loc":{"start":{"line":46,"column":6},"end":{"line":52,"column":7}},"type":"if","locations":[{"start":{"line":46,"column":6},"end":{"line":52,"column":7}},{"start":{"line":50,"column":13},"end":{"line":52,"column":7}}],"line":46},"3":{"loc":{"start":{"line":46,"column":10},"end":{"line":46,"column":49}},"type":"binary-expr","locations":[{"start":{"line":46,"column":10},"end":{"line":46,"column":32}},{"start":{"line":46,"column":36},"end":{"line":46,"column":49}}],"line":46}},"s":{"0":0,"1":0,"2":0,"3":0,"4":0,"5":0,"6":0,"7":0,"8":0,"9":0,"10":0,"11":0,"12":0,"13":0,"14":0,"15":0,"16":0,"17":0,"18":0,"19":0,"20":0,"21":0,"22":0,"23":0,"24":0},"f":{"0":0,"1":0,"2":0,"3":0,"4":0,"5":0,"6":0},"b":{"0":[0,0],"1":[0,0],"2":[0,0],"3":[0,0]}}
,"C:\\Users\\bbs8\\Desktop\\testReactNative\\test-agora\\screens\\videoCall\\VideoCall.js": {"path":"C:\\Users\\bbs8\\Desktop\\testReactNative\\test-agora\\screens\\videoCall\\VideoCall.js","statementMap":{"0":{"start":{"line":9,"column":18},"end":{"line":13,"column":3}},"1":{"start":{"line":15,"column":30},"end":{"line":15,"column":52}},"2":{"start":{"line":16,"column":30},"end":{"line":16,"column":42}},"3":{"start":{"line":20,"column":2},"end":{"line":46,"column":3}},"4":{"start":{"line":22,"column":6},"end":{"line":29,"column":8}},"5":{"start":{"line":30,"column":6},"end":{"line":30,"column":12}},"6":{"start":{"line":33,"column":6},"end":{"line":35,"column":8}},"7":{"start":{"line":36,"column":6},"end":{"line":36,"column":12}},"8":{"start":{"line":39,"column":6},"end":{"line":41,"column":8}},"9":{"start":{"line":42,"column":6},"end":{"line":42,"column":12}},"10":{"start":{"line":45,"column":6},"end":{"line":45,"column":42}},"11":{"start":{"line":48,"column":2},"end":{"line":50,"column":4}}},"fnMap":{"0":{"name":"VideoCall","decl":{"start":{"line":8,"column":24},"end":{"line":8,"column":33}},"loc":{"start":{"line":8,"column":36},"end":{"line":51,"column":1}},"line":8}},"branchMap":{"0":{"loc":{"start":{"line":20,"column":2},"end":{"line":46,"column":3}},"type":"switch","locations":[{"start":{"line":21,"column":4},"end":{"line":30,"column":12}},{"start":{"line":32,"column":4},"end":{"line":36,"column":12}},{"start":{"line":38,"column":4},"end":{"line":42,"column":12}},{"start":{"line":44,"column":4},"end":{"line":45,"column":42}}],"line":20}},"s":{"0":0,"1":0,"2":0,"3":0,"4":0,"5":0,"6":0,"7":0,"8":0,"9":0,"10":0,"11":0},"f":{"0":0},"b":{"0":[0,0,0,0]}}
,"C:\\Users\\bbs8\\Desktop\\testReactNative\\test-agora\\screens\\videoCall\\components\\CallActionBox.js": {"path":"C:\\Users\\bbs8\\Desktop\\testReactNative\\test-agora\\screens\\videoCall\\components\\CallActionBox.js","statementMap":{"0":{"start":{"line":6,"column":22},"end":{"line":56,"column":1}},"1":{"start":{"line":7,"column":38},"end":{"line":7,"column":52}},"2":{"start":{"line":8,"column":32},"end":{"line":8,"column":46}},"3":{"start":{"line":10,"column":25},"end":{"line":13,"column":3}},"4":{"start":{"line":11,"column":4},"end":{"line":11,"column":19}},"5":{"start":{"line":12,"column":4},"end":{"line":12,"column":31}},"6":{"start":{"line":14,"column":29},"end":{"line":17,"column":3}},"7":{"start":{"line":15,"column":4},"end":{"line":15,"column":17}},"8":{"start":{"line":16,"column":4},"end":{"line":16,"column":25}},"9":{"start":{"line":19,"column":2},"end":{"line":55,"column":4}}},"fnMap":{"0":{"name":"(anonymous_0)","decl":{"start":{"line":6,"column":22},"end":{"line":6,"column":23}},"loc":{"start":{"line":6,"column":79},"end":{"line":56,"column":1}},"line":6},"1":{"name":"(anonymous_1)","decl":{"start":{"line":10,"column":25},"end":{"line":10,"column":26}},"loc":{"start":{"line":10,"column":31},"end":{"line":13,"column":3}},"line":10},"2":{"name":"(anonymous_2)","decl":{"start":{"line":14,"column":29},"end":{"line":14,"column":30}},"loc":{"start":{"line":14,"column":35},"end":{"line":17,"column":3}},"line":14}},"branchMap":{"0":{"loc":{"start":{"line":35,"column":18},"end":{"line":35,"column":58}},"type":"cond-expr","locations":[{"start":{"line":35,"column":31},"end":{"line":35,"column":41}},{"start":{"line":35,"column":44},"end":{"line":35,"column":58}}],"line":35},"1":{"loc":{"start":{"line":46,"column":22},"end":{"line":46,"column":49}},"type":"cond-expr","locations":[{"start":{"line":46,"column":32},"end":{"line":46,"column":37}},{"start":{"line":46,"column":40},"end":{"line":46,"column":49}}],"line":46}},"s":{"0":0,"1":0,"2":0,"3":0,"4":0,"5":0,"6":0,"7":0,"8":0,"9":0},"f":{"0":0,"1":0,"2":0},"b":{"0":[0,0],"1":[0,0]}}
}
